CRITICAL - 2023-02-24 10:14:06 --> Object of class stdClass could not be converted to string
in APPPATH\Views\Grupos\permissions.php on line 79.
 1 SYSTEMPATH\View\View.php(213): include()
 2 SYSTEMPATH\View\View.php(216): CodeIgniter\View\View->CodeIgniter\View\{closure}()
 3 SYSTEMPATH\Common.php(1134): CodeIgniter\View\View->render()
 4 APPPATH\Controllers\Grupos.php(311): view()
 5 SYSTEMPATH\CodeIgniter.php(927): App\Controllers\Grupos->permissions()
 6 SYSTEMPATH\CodeIgniter.php(482): CodeIgniter\CodeIgniter->runController()
 7 SYSTEMPATH\CodeIgniter.php(351): CodeIgniter\CodeIgniter->handleRequest()
 8 FCPATH\index.php(67): CodeIgniter\CodeIgniter->run()
 9 SYSTEMPATH\Commands\Server\rewrite.php(46): require_once('FCPATH\\index.php')
CRITICAL - 2023-02-24 10:21:49 --> Undefined property: stdClass::$id
in APPPATH\Views\Grupos\permissions.php on line 79.
 1 APPPATH\Views\Grupos\permissions.php(79): CodeIgniter\Debug\Exceptions->errorHandler()
 2 SYSTEMPATH\View\View.php(213): include('APPPATH\\Views\\Grupos\\permissions.php')
 3 SYSTEMPATH\View\View.php(216): CodeIgniter\View\View->CodeIgniter\View\{closure}()
 4 SYSTEMPATH\Common.php(1134): CodeIgniter\View\View->render()
 5 APPPATH\Controllers\Grupos.php(311): view()
 6 SYSTEMPATH\CodeIgniter.php(927): App\Controllers\Grupos->permissions()
 7 SYSTEMPATH\CodeIgniter.php(482): CodeIgniter\CodeIgniter->runController()
 8 SYSTEMPATH\CodeIgniter.php(351): CodeIgniter\CodeIgniter->handleRequest()
 9 FCPATH\index.php(67): CodeIgniter\CodeIgniter->run()
10 SYSTEMPATH\Commands\Server\rewrite.php(46): require_once('FCPATH\\index.php')
