CRITICAL - 2023-01-26 10:51:46 --> finfo::file(C:\dev\php\ci4dev-web\writable\uploads/users/1674670264_2fc4221671c5d4fc7056.jpg): Failed to open stream: No such file or directory
in APPPATH\Controllers\BaseController.php on line 59.
 1 [internal function]: CodeIgniter\Debug\Exceptions->errorHandler()
 2 APPPATH\Controllers\BaseController.php(59): finfo->file()
 3 APPPATH\Controllers\Users.php(420): App\Controllers\BaseController->viewFile()
 4 SYSTEMPATH\CodeIgniter.php(927): App\Controllers\Users->image()
 5 SYSTEMPATH\CodeIgniter.php(482): CodeIgniter\CodeIgniter->runController()
 6 SYSTEMPATH\CodeIgniter.php(351): CodeIgniter\CodeIgniter->handleRequest()
 7 FCPATH\index.php(67): CodeIgniter\CodeIgniter->run()
 8 SYSTEMPATH\Commands\Server\rewrite.php(46): require_once('FCPATH\\index.php')
CRITICAL - 2023-01-26 10:57:08 --> finfo::file(C:\dev\php\ci4dev-web\writable\uploads/users/1674670264_2fc4221671c5d4fc7056.jpg): Failed to open stream: No such file or directory
in APPPATH\Controllers\BaseController.php on line 59.
 1 [internal function]: CodeIgniter\Debug\Exceptions->errorHandler()
 2 APPPATH\Controllers\BaseController.php(59): finfo->file()
 3 APPPATH\Controllers\Users.php(432): App\Controllers\BaseController->viewFile()
 4 SYSTEMPATH\CodeIgniter.php(927): App\Controllers\Users->image()
 5 SYSTEMPATH\CodeIgniter.php(482): CodeIgniter\CodeIgniter->runController()
 6 SYSTEMPATH\CodeIgniter.php(351): CodeIgniter\CodeIgniter->handleRequest()
 7 FCPATH\index.php(67): CodeIgniter\CodeIgniter->run()
 8 SYSTEMPATH\Commands\Server\rewrite.php(46): require_once('FCPATH\\index.php')
CRITICAL - 2023-01-26 10:57:20 --> finfo::file(C:\dev\php\ci4dev-web\writable\uploads/users/1674670264_2fc4221671c5d4fc7056.jpg): Failed to open stream: No such file or directory
in APPPATH\Controllers\BaseController.php on line 59.
 1 [internal function]: CodeIgniter\Debug\Exceptions->errorHandler()
 2 APPPATH\Controllers\BaseController.php(59): finfo->file()
 3 APPPATH\Controllers\Users.php(432): App\Controllers\BaseController->viewFile()
 4 SYSTEMPATH\CodeIgniter.php(927): App\Controllers\Users->image()
 5 SYSTEMPATH\CodeIgniter.php(482): CodeIgniter\CodeIgniter->runController()
 6 SYSTEMPATH\CodeIgniter.php(351): CodeIgniter\CodeIgniter->handleRequest()
 7 FCPATH\index.php(67): CodeIgniter\CodeIgniter->run()
 8 SYSTEMPATH\Commands\Server\rewrite.php(46): require_once('FCPATH\\index.php')
