ERROR - 2023-02-14 09:15:06 --> mysqli_sql_exception: Unknown column 'grupo_permissions.permission_id' in 'on clause' in C:\dev\php\ci4dev-web\vendor\codeigniter4\framework\system\Database\MySQLi\Connection.php:292
Stack trace:
#0 C:\dev\php\ci4dev-web\vendor\codeigniter4\framework\system\Database\MySQLi\Connection.php(292): mysqli->query()
#1 C:\dev\php\ci4dev-web\vendor\codeigniter4\framework\system\Database\BaseConnection.php(666): CodeIgniter\Database\MySQLi\Connection->execute()
#2 C:\dev\php\ci4dev-web\vendor\codeigniter4\framework\system\Database\BaseConnection.php(593): CodeIgniter\Database\BaseConnection->simpleQuery()
#3 C:\dev\php\ci4dev-web\vendor\codeigniter4\framework\system\Database\BaseBuilder.php(1669): CodeIgniter\Database\BaseConnection->query()
#4 C:\dev\php\ci4dev-web\vendor\codeigniter4\framework\system\Model.php(551): CodeIgniter\Database\BaseBuilder->countAllResults()
#5 C:\dev\php\ci4dev-web\vendor\codeigniter4\framework\system\BaseModel.php(1106): CodeIgniter\Model->countAllResults()
#6 C:\dev\php\ci4dev-web\app\Models\GruposPermissionsModel.php(30): CodeIgniter\BaseModel->paginate()
#7 C:\dev\php\ci4dev-web\app\Controllers\Grupos.php(295): App\Models\GruposPermissionsModel->getPermissionsOfGrupo()
#8 C:\dev\php\ci4dev-web\vendor\codeigniter4\framework\system\CodeIgniter.php(927): App\Controllers\Grupos->permissions()
#9 C:\dev\php\ci4dev-web\vendor\codeigniter4\framework\system\CodeIgniter.php(482): CodeIgniter\CodeIgniter->runController()
#10 C:\dev\php\ci4dev-web\vendor\codeigniter4\framework\system\CodeIgniter.php(351): CodeIgniter\CodeIgniter->handleRequest()
#11 C:\dev\php\ci4dev-web\public\index.php(67): CodeIgniter\CodeIgniter->run()
#12 C:\dev\php\ci4dev-web\vendor\codeigniter4\framework\system\Commands\Server\rewrite.php(46): require_once('...')
#13 {main}
CRITICAL - 2023-02-14 09:15:06 --> Unknown column 'grupo_permissions.permission_id' in 'on clause'
in SYSTEMPATH\Database\MySQLi\Connection.php on line 292.
 1 SYSTEMPATH\Database\MySQLi\Connection.php(292): mysqli->query()
 2 SYSTEMPATH\Database\BaseConnection.php(666): CodeIgniter\Database\MySQLi\Connection->execute()
 3 SYSTEMPATH\Database\BaseConnection.php(593): CodeIgniter\Database\BaseConnection->simpleQuery()
 4 SYSTEMPATH\Database\BaseBuilder.php(1669): CodeIgniter\Database\BaseConnection->query()
 5 SYSTEMPATH\Model.php(551): CodeIgniter\Database\BaseBuilder->countAllResults()
 6 SYSTEMPATH\BaseModel.php(1106): CodeIgniter\Model->countAllResults()
 7 APPPATH\Models\GruposPermissionsModel.php(30): CodeIgniter\BaseModel->paginate()
 8 APPPATH\Controllers\Grupos.php(295): App\Models\GruposPermissionsModel->getPermissionsOfGrupo()
 9 SYSTEMPATH\CodeIgniter.php(927): App\Controllers\Grupos->permissions()
10 SYSTEMPATH\CodeIgniter.php(482): CodeIgniter\CodeIgniter->runController()
11 SYSTEMPATH\CodeIgniter.php(351): CodeIgniter\CodeIgniter->handleRequest()
12 FCPATH\index.php(67): CodeIgniter\CodeIgniter->run()
13 SYSTEMPATH\Commands\Server\rewrite.php(46): require_once('FCPATH\\index.php')
ERROR - 2023-02-14 09:16:33 --> mysqli_sql_exception: Expression #1 of SELECT list is not in GROUP BY clause and contains nonaggregated column 'ordem.grupos_permissions.id' which is not functionally dependent on columns in GROUP BY clause; this is incompatible with sql_mode=only_full_group_by in C:\dev\php\ci4dev-web\vendor\codeigniter4\framework\system\Database\MySQLi\Connection.php:292
Stack trace:
#0 C:\dev\php\ci4dev-web\vendor\codeigniter4\framework\system\Database\MySQLi\Connection.php(292): mysqli->query()
#1 C:\dev\php\ci4dev-web\vendor\codeigniter4\framework\system\Database\BaseConnection.php(666): CodeIgniter\Database\MySQLi\Connection->execute()
#2 C:\dev\php\ci4dev-web\vendor\codeigniter4\framework\system\Database\BaseConnection.php(593): CodeIgniter\Database\BaseConnection->simpleQuery()
#3 C:\dev\php\ci4dev-web\vendor\codeigniter4\framework\system\Database\BaseBuilder.php(1669): CodeIgniter\Database\BaseConnection->query()
#4 C:\dev\php\ci4dev-web\vendor\codeigniter4\framework\system\Model.php(551): CodeIgniter\Database\BaseBuilder->countAllResults()
#5 C:\dev\php\ci4dev-web\vendor\codeigniter4\framework\system\BaseModel.php(1106): CodeIgniter\Model->countAllResults()
#6 C:\dev\php\ci4dev-web\app\Models\GruposPermissionsModel.php(30): CodeIgniter\BaseModel->paginate()
#7 C:\dev\php\ci4dev-web\app\Controllers\Grupos.php(295): App\Models\GruposPermissionsModel->getPermissionsOfGrupo()
#8 C:\dev\php\ci4dev-web\vendor\codeigniter4\framework\system\CodeIgniter.php(927): App\Controllers\Grupos->permissions()
#9 C:\dev\php\ci4dev-web\vendor\codeigniter4\framework\system\CodeIgniter.php(482): CodeIgniter\CodeIgniter->runController()
#10 C:\dev\php\ci4dev-web\vendor\codeigniter4\framework\system\CodeIgniter.php(351): CodeIgniter\CodeIgniter->handleRequest()
#11 C:\dev\php\ci4dev-web\public\index.php(67): CodeIgniter\CodeIgniter->run()
#12 C:\dev\php\ci4dev-web\vendor\codeigniter4\framework\system\Commands\Server\rewrite.php(46): require_once('...')
#13 {main}
CRITICAL - 2023-02-14 09:16:33 --> Expression #1 of SELECT list is not in GROUP BY clause and contains nonaggregated column 'ordem.grupos_permissions.id' which is not functionally dependent on columns in GROUP BY clause; this is incompatible with sql_mode=only_full_group_by
in SYSTEMPATH\Database\MySQLi\Connection.php on line 292.
 1 SYSTEMPATH\Database\MySQLi\Connection.php(292): mysqli->query()
 2 SYSTEMPATH\Database\BaseConnection.php(666): CodeIgniter\Database\MySQLi\Connection->execute()
 3 SYSTEMPATH\Database\BaseConnection.php(593): CodeIgniter\Database\BaseConnection->simpleQuery()
 4 SYSTEMPATH\Database\BaseBuilder.php(1669): CodeIgniter\Database\BaseConnection->query()
 5 SYSTEMPATH\Model.php(551): CodeIgniter\Database\BaseBuilder->countAllResults()
 6 SYSTEMPATH\BaseModel.php(1106): CodeIgniter\Model->countAllResults()
 7 APPPATH\Models\GruposPermissionsModel.php(30): CodeIgniter\BaseModel->paginate()
 8 APPPATH\Controllers\Grupos.php(295): App\Models\GruposPermissionsModel->getPermissionsOfGrupo()
 9 SYSTEMPATH\CodeIgniter.php(927): App\Controllers\Grupos->permissions()
10 SYSTEMPATH\CodeIgniter.php(482): CodeIgniter\CodeIgniter->runController()
11 SYSTEMPATH\CodeIgniter.php(351): CodeIgniter\CodeIgniter->handleRequest()
12 FCPATH\index.php(67): CodeIgniter\CodeIgniter->run()
13 SYSTEMPATH\Commands\Server\rewrite.php(46): require_once('FCPATH\\index.php')
ERROR - 2023-02-14 09:30:05 --> mysqli_sql_exception: Expression #1 of SELECT list is not in GROUP BY clause and contains nonaggregated column 'ordem.grupos_permissions.id' which is not functionally dependent on columns in GROUP BY clause; this is incompatible with sql_mode=only_full_group_by in C:\dev\php\ci4dev-web\vendor\codeigniter4\framework\system\Database\MySQLi\Connection.php:292
Stack trace:
#0 C:\dev\php\ci4dev-web\vendor\codeigniter4\framework\system\Database\MySQLi\Connection.php(292): mysqli->query()
#1 C:\dev\php\ci4dev-web\vendor\codeigniter4\framework\system\Database\BaseConnection.php(666): CodeIgniter\Database\MySQLi\Connection->execute()
#2 C:\dev\php\ci4dev-web\vendor\codeigniter4\framework\system\Database\BaseConnection.php(593): CodeIgniter\Database\BaseConnection->simpleQuery()
#3 C:\dev\php\ci4dev-web\vendor\codeigniter4\framework\system\Database\BaseBuilder.php(1669): CodeIgniter\Database\BaseConnection->query()
#4 C:\dev\php\ci4dev-web\vendor\codeigniter4\framework\system\Model.php(551): CodeIgniter\Database\BaseBuilder->countAllResults()
#5 C:\dev\php\ci4dev-web\vendor\codeigniter4\framework\system\BaseModel.php(1106): CodeIgniter\Model->countAllResults()
#6 C:\dev\php\ci4dev-web\app\Models\GruposPermissionsModel.php(30): CodeIgniter\BaseModel->paginate()
#7 C:\dev\php\ci4dev-web\app\Controllers\Grupos.php(295): App\Models\GruposPermissionsModel->getPermissionsOfGrupo()
#8 C:\dev\php\ci4dev-web\vendor\codeigniter4\framework\system\CodeIgniter.php(927): App\Controllers\Grupos->permissions()
#9 C:\dev\php\ci4dev-web\vendor\codeigniter4\framework\system\CodeIgniter.php(482): CodeIgniter\CodeIgniter->runController()
#10 C:\dev\php\ci4dev-web\vendor\codeigniter4\framework\system\CodeIgniter.php(351): CodeIgniter\CodeIgniter->handleRequest()
#11 C:\dev\php\ci4dev-web\public\index.php(67): CodeIgniter\CodeIgniter->run()
#12 C:\dev\php\ci4dev-web\vendor\codeigniter4\framework\system\Commands\Server\rewrite.php(46): require_once('...')
#13 {main}
CRITICAL - 2023-02-14 09:30:05 --> Expression #1 of SELECT list is not in GROUP BY clause and contains nonaggregated column 'ordem.grupos_permissions.id' which is not functionally dependent on columns in GROUP BY clause; this is incompatible with sql_mode=only_full_group_by
in SYSTEMPATH\Database\MySQLi\Connection.php on line 292.
 1 SYSTEMPATH\Database\MySQLi\Connection.php(292): mysqli->query()
 2 SYSTEMPATH\Database\BaseConnection.php(666): CodeIgniter\Database\MySQLi\Connection->execute()
 3 SYSTEMPATH\Database\BaseConnection.php(593): CodeIgniter\Database\BaseConnection->simpleQuery()
 4 SYSTEMPATH\Database\BaseBuilder.php(1669): CodeIgniter\Database\BaseConnection->query()
 5 SYSTEMPATH\Model.php(551): CodeIgniter\Database\BaseBuilder->countAllResults()
 6 SYSTEMPATH\BaseModel.php(1106): CodeIgniter\Model->countAllResults()
 7 APPPATH\Models\GruposPermissionsModel.php(30): CodeIgniter\BaseModel->paginate()
 8 APPPATH\Controllers\Grupos.php(295): App\Models\GruposPermissionsModel->getPermissionsOfGrupo()
 9 SYSTEMPATH\CodeIgniter.php(927): App\Controllers\Grupos->permissions()
10 SYSTEMPATH\CodeIgniter.php(482): CodeIgniter\CodeIgniter->runController()
11 SYSTEMPATH\CodeIgniter.php(351): CodeIgniter\CodeIgniter->handleRequest()
12 FCPATH\index.php(67): CodeIgniter\CodeIgniter->run()
13 SYSTEMPATH\Commands\Server\rewrite.php(46): require_once('FCPATH\\index.php')
ERROR - 2023-02-14 09:30:37 --> mysqli_sql_exception: Expression #1 of SELECT list is not in GROUP BY clause and contains nonaggregated column 'ordem.grupos_permissions.id' which is not functionally dependent on columns in GROUP BY clause; this is incompatible with sql_mode=only_full_group_by in C:\dev\php\ci4dev-web\vendor\codeigniter4\framework\system\Database\MySQLi\Connection.php:292
Stack trace:
#0 C:\dev\php\ci4dev-web\vendor\codeigniter4\framework\system\Database\MySQLi\Connection.php(292): mysqli->query()
#1 C:\dev\php\ci4dev-web\vendor\codeigniter4\framework\system\Database\BaseConnection.php(666): CodeIgniter\Database\MySQLi\Connection->execute()
#2 C:\dev\php\ci4dev-web\vendor\codeigniter4\framework\system\Database\BaseConnection.php(593): CodeIgniter\Database\BaseConnection->simpleQuery()
#3 C:\dev\php\ci4dev-web\vendor\codeigniter4\framework\system\Database\BaseBuilder.php(1669): CodeIgniter\Database\BaseConnection->query()
#4 C:\dev\php\ci4dev-web\vendor\codeigniter4\framework\system\Model.php(551): CodeIgniter\Database\BaseBuilder->countAllResults()
#5 C:\dev\php\ci4dev-web\vendor\codeigniter4\framework\system\BaseModel.php(1106): CodeIgniter\Model->countAllResults()
#6 C:\dev\php\ci4dev-web\app\Models\GruposPermissionsModel.php(30): CodeIgniter\BaseModel->paginate()
#7 C:\dev\php\ci4dev-web\app\Controllers\Grupos.php(295): App\Models\GruposPermissionsModel->getPermissionsOfGrupo()
#8 C:\dev\php\ci4dev-web\vendor\codeigniter4\framework\system\CodeIgniter.php(927): App\Controllers\Grupos->permissions()
#9 C:\dev\php\ci4dev-web\vendor\codeigniter4\framework\system\CodeIgniter.php(482): CodeIgniter\CodeIgniter->runController()
#10 C:\dev\php\ci4dev-web\vendor\codeigniter4\framework\system\CodeIgniter.php(351): CodeIgniter\CodeIgniter->handleRequest()
#11 C:\dev\php\ci4dev-web\public\index.php(67): CodeIgniter\CodeIgniter->run()
#12 C:\dev\php\ci4dev-web\vendor\codeigniter4\framework\system\Commands\Server\rewrite.php(46): require_once('...')
#13 {main}
CRITICAL - 2023-02-14 09:30:37 --> Expression #1 of SELECT list is not in GROUP BY clause and contains nonaggregated column 'ordem.grupos_permissions.id' which is not functionally dependent on columns in GROUP BY clause; this is incompatible with sql_mode=only_full_group_by
in SYSTEMPATH\Database\MySQLi\Connection.php on line 292.
 1 SYSTEMPATH\Database\MySQLi\Connection.php(292): mysqli->query()
 2 SYSTEMPATH\Database\BaseConnection.php(666): CodeIgniter\Database\MySQLi\Connection->execute()
 3 SYSTEMPATH\Database\BaseConnection.php(593): CodeIgniter\Database\BaseConnection->simpleQuery()
 4 SYSTEMPATH\Database\BaseBuilder.php(1669): CodeIgniter\Database\BaseConnection->query()
 5 SYSTEMPATH\Model.php(551): CodeIgniter\Database\BaseBuilder->countAllResults()
 6 SYSTEMPATH\BaseModel.php(1106): CodeIgniter\Model->countAllResults()
 7 APPPATH\Models\GruposPermissionsModel.php(30): CodeIgniter\BaseModel->paginate()
 8 APPPATH\Controllers\Grupos.php(295): App\Models\GruposPermissionsModel->getPermissionsOfGrupo()
 9 SYSTEMPATH\CodeIgniter.php(927): App\Controllers\Grupos->permissions()
10 SYSTEMPATH\CodeIgniter.php(482): CodeIgniter\CodeIgniter->runController()
11 SYSTEMPATH\CodeIgniter.php(351): CodeIgniter\CodeIgniter->handleRequest()
12 FCPATH\index.php(67): CodeIgniter\CodeIgniter->run()
13 SYSTEMPATH\Commands\Server\rewrite.php(46): require_once('FCPATH\\index.php')
ERROR - 2023-02-14 09:31:03 --> mysqli_sql_exception: Unknown column 'grupos_permissions_name' in 'group statement' in C:\dev\php\ci4dev-web\vendor\codeigniter4\framework\system\Database\MySQLi\Connection.php:292
Stack trace:
#0 C:\dev\php\ci4dev-web\vendor\codeigniter4\framework\system\Database\MySQLi\Connection.php(292): mysqli->query()
#1 C:\dev\php\ci4dev-web\vendor\codeigniter4\framework\system\Database\BaseConnection.php(666): CodeIgniter\Database\MySQLi\Connection->execute()
#2 C:\dev\php\ci4dev-web\vendor\codeigniter4\framework\system\Database\BaseConnection.php(593): CodeIgniter\Database\BaseConnection->simpleQuery()
#3 C:\dev\php\ci4dev-web\vendor\codeigniter4\framework\system\Database\BaseBuilder.php(1669): CodeIgniter\Database\BaseConnection->query()
#4 C:\dev\php\ci4dev-web\vendor\codeigniter4\framework\system\Model.php(551): CodeIgniter\Database\BaseBuilder->countAllResults()
#5 C:\dev\php\ci4dev-web\vendor\codeigniter4\framework\system\BaseModel.php(1106): CodeIgniter\Model->countAllResults()
#6 C:\dev\php\ci4dev-web\app\Models\GruposPermissionsModel.php(30): CodeIgniter\BaseModel->paginate()
#7 C:\dev\php\ci4dev-web\app\Controllers\Grupos.php(295): App\Models\GruposPermissionsModel->getPermissionsOfGrupo()
#8 C:\dev\php\ci4dev-web\vendor\codeigniter4\framework\system\CodeIgniter.php(927): App\Controllers\Grupos->permissions()
#9 C:\dev\php\ci4dev-web\vendor\codeigniter4\framework\system\CodeIgniter.php(482): CodeIgniter\CodeIgniter->runController()
#10 C:\dev\php\ci4dev-web\vendor\codeigniter4\framework\system\CodeIgniter.php(351): CodeIgniter\CodeIgniter->handleRequest()
#11 C:\dev\php\ci4dev-web\public\index.php(67): CodeIgniter\CodeIgniter->run()
#12 C:\dev\php\ci4dev-web\vendor\codeigniter4\framework\system\Commands\Server\rewrite.php(46): require_once('...')
#13 {main}
CRITICAL - 2023-02-14 09:31:03 --> Unknown column 'grupos_permissions_name' in 'group statement'
in SYSTEMPATH\Database\MySQLi\Connection.php on line 292.
 1 SYSTEMPATH\Database\MySQLi\Connection.php(292): mysqli->query()
 2 SYSTEMPATH\Database\BaseConnection.php(666): CodeIgniter\Database\MySQLi\Connection->execute()
 3 SYSTEMPATH\Database\BaseConnection.php(593): CodeIgniter\Database\BaseConnection->simpleQuery()
 4 SYSTEMPATH\Database\BaseBuilder.php(1669): CodeIgniter\Database\BaseConnection->query()
 5 SYSTEMPATH\Model.php(551): CodeIgniter\Database\BaseBuilder->countAllResults()
 6 SYSTEMPATH\BaseModel.php(1106): CodeIgniter\Model->countAllResults()
 7 APPPATH\Models\GruposPermissionsModel.php(30): CodeIgniter\BaseModel->paginate()
 8 APPPATH\Controllers\Grupos.php(295): App\Models\GruposPermissionsModel->getPermissionsOfGrupo()
 9 SYSTEMPATH\CodeIgniter.php(927): App\Controllers\Grupos->permissions()
10 SYSTEMPATH\CodeIgniter.php(482): CodeIgniter\CodeIgniter->runController()
11 SYSTEMPATH\CodeIgniter.php(351): CodeIgniter\CodeIgniter->handleRequest()
12 FCPATH\index.php(67): CodeIgniter\CodeIgniter->run()
13 SYSTEMPATH\Commands\Server\rewrite.php(46): require_once('FCPATH\\index.php')
ERROR - 2023-02-14 09:31:13 --> mysqli_sql_exception: Unknown column 'grupos_permissions.name' in 'group statement' in C:\dev\php\ci4dev-web\vendor\codeigniter4\framework\system\Database\MySQLi\Connection.php:292
Stack trace:
#0 C:\dev\php\ci4dev-web\vendor\codeigniter4\framework\system\Database\MySQLi\Connection.php(292): mysqli->query()
#1 C:\dev\php\ci4dev-web\vendor\codeigniter4\framework\system\Database\BaseConnection.php(666): CodeIgniter\Database\MySQLi\Connection->execute()
#2 C:\dev\php\ci4dev-web\vendor\codeigniter4\framework\system\Database\BaseConnection.php(593): CodeIgniter\Database\BaseConnection->simpleQuery()
#3 C:\dev\php\ci4dev-web\vendor\codeigniter4\framework\system\Database\BaseBuilder.php(1669): CodeIgniter\Database\BaseConnection->query()
#4 C:\dev\php\ci4dev-web\vendor\codeigniter4\framework\system\Model.php(551): CodeIgniter\Database\BaseBuilder->countAllResults()
#5 C:\dev\php\ci4dev-web\vendor\codeigniter4\framework\system\BaseModel.php(1106): CodeIgniter\Model->countAllResults()
#6 C:\dev\php\ci4dev-web\app\Models\GruposPermissionsModel.php(30): CodeIgniter\BaseModel->paginate()
#7 C:\dev\php\ci4dev-web\app\Controllers\Grupos.php(295): App\Models\GruposPermissionsModel->getPermissionsOfGrupo()
#8 C:\dev\php\ci4dev-web\vendor\codeigniter4\framework\system\CodeIgniter.php(927): App\Controllers\Grupos->permissions()
#9 C:\dev\php\ci4dev-web\vendor\codeigniter4\framework\system\CodeIgniter.php(482): CodeIgniter\CodeIgniter->runController()
#10 C:\dev\php\ci4dev-web\vendor\codeigniter4\framework\system\CodeIgniter.php(351): CodeIgniter\CodeIgniter->handleRequest()
#11 C:\dev\php\ci4dev-web\public\index.php(67): CodeIgniter\CodeIgniter->run()
#12 C:\dev\php\ci4dev-web\vendor\codeigniter4\framework\system\Commands\Server\rewrite.php(46): require_once('...')
#13 {main}
CRITICAL - 2023-02-14 09:31:13 --> Unknown column 'grupos_permissions.name' in 'group statement'
in SYSTEMPATH\Database\MySQLi\Connection.php on line 292.
 1 SYSTEMPATH\Database\MySQLi\Connection.php(292): mysqli->query()
 2 SYSTEMPATH\Database\BaseConnection.php(666): CodeIgniter\Database\MySQLi\Connection->execute()
 3 SYSTEMPATH\Database\BaseConnection.php(593): CodeIgniter\Database\BaseConnection->simpleQuery()
 4 SYSTEMPATH\Database\BaseBuilder.php(1669): CodeIgniter\Database\BaseConnection->query()
 5 SYSTEMPATH\Model.php(551): CodeIgniter\Database\BaseBuilder->countAllResults()
 6 SYSTEMPATH\BaseModel.php(1106): CodeIgniter\Model->countAllResults()
 7 APPPATH\Models\GruposPermissionsModel.php(30): CodeIgniter\BaseModel->paginate()
 8 APPPATH\Controllers\Grupos.php(295): App\Models\GruposPermissionsModel->getPermissionsOfGrupo()
 9 SYSTEMPATH\CodeIgniter.php(927): App\Controllers\Grupos->permissions()
10 SYSTEMPATH\CodeIgniter.php(482): CodeIgniter\CodeIgniter->runController()
11 SYSTEMPATH\CodeIgniter.php(351): CodeIgniter\CodeIgniter->handleRequest()
12 FCPATH\index.php(67): CodeIgniter\CodeIgniter->run()
13 SYSTEMPATH\Commands\Server\rewrite.php(46): require_once('FCPATH\\index.php')
ERROR - 2023-02-14 09:32:34 --> mysqli_sql_exception: Expression #1 of SELECT list is not in GROUP BY clause and contains nonaggregated column 'ordem.grupos_permissions.id' which is not functionally dependent on columns in GROUP BY clause; this is incompatible with sql_mode=only_full_group_by in C:\dev\php\ci4dev-web\vendor\codeigniter4\framework\system\Database\MySQLi\Connection.php:292
Stack trace:
#0 C:\dev\php\ci4dev-web\vendor\codeigniter4\framework\system\Database\MySQLi\Connection.php(292): mysqli->query()
#1 C:\dev\php\ci4dev-web\vendor\codeigniter4\framework\system\Database\BaseConnection.php(666): CodeIgniter\Database\MySQLi\Connection->execute()
#2 C:\dev\php\ci4dev-web\vendor\codeigniter4\framework\system\Database\BaseConnection.php(593): CodeIgniter\Database\BaseConnection->simpleQuery()
#3 C:\dev\php\ci4dev-web\vendor\codeigniter4\framework\system\Database\BaseBuilder.php(1669): CodeIgniter\Database\BaseConnection->query()
#4 C:\dev\php\ci4dev-web\vendor\codeigniter4\framework\system\Model.php(551): CodeIgniter\Database\BaseBuilder->countAllResults()
#5 C:\dev\php\ci4dev-web\vendor\codeigniter4\framework\system\BaseModel.php(1106): CodeIgniter\Model->countAllResults()
#6 C:\dev\php\ci4dev-web\app\Models\GruposPermissionsModel.php(30): CodeIgniter\BaseModel->paginate()
#7 C:\dev\php\ci4dev-web\app\Controllers\Grupos.php(295): App\Models\GruposPermissionsModel->getPermissionsOfGrupo()
#8 C:\dev\php\ci4dev-web\vendor\codeigniter4\framework\system\CodeIgniter.php(927): App\Controllers\Grupos->permissions()
#9 C:\dev\php\ci4dev-web\vendor\codeigniter4\framework\system\CodeIgniter.php(482): CodeIgniter\CodeIgniter->runController()
#10 C:\dev\php\ci4dev-web\vendor\codeigniter4\framework\system\CodeIgniter.php(351): CodeIgniter\CodeIgniter->handleRequest()
#11 C:\dev\php\ci4dev-web\public\index.php(67): CodeIgniter\CodeIgniter->run()
#12 C:\dev\php\ci4dev-web\vendor\codeigniter4\framework\system\Commands\Server\rewrite.php(46): require_once('...')
#13 {main}
CRITICAL - 2023-02-14 09:32:34 --> Expression #1 of SELECT list is not in GROUP BY clause and contains nonaggregated column 'ordem.grupos_permissions.id' which is not functionally dependent on columns in GROUP BY clause; this is incompatible with sql_mode=only_full_group_by
in SYSTEMPATH\Database\MySQLi\Connection.php on line 292.
 1 SYSTEMPATH\Database\MySQLi\Connection.php(292): mysqli->query()
 2 SYSTEMPATH\Database\BaseConnection.php(666): CodeIgniter\Database\MySQLi\Connection->execute()
 3 SYSTEMPATH\Database\BaseConnection.php(593): CodeIgniter\Database\BaseConnection->simpleQuery()
 4 SYSTEMPATH\Database\BaseBuilder.php(1669): CodeIgniter\Database\BaseConnection->query()
 5 SYSTEMPATH\Model.php(551): CodeIgniter\Database\BaseBuilder->countAllResults()
 6 SYSTEMPATH\BaseModel.php(1106): CodeIgniter\Model->countAllResults()
 7 APPPATH\Models\GruposPermissionsModel.php(30): CodeIgniter\BaseModel->paginate()
 8 APPPATH\Controllers\Grupos.php(295): App\Models\GruposPermissionsModel->getPermissionsOfGrupo()
 9 SYSTEMPATH\CodeIgniter.php(927): App\Controllers\Grupos->permissions()
10 SYSTEMPATH\CodeIgniter.php(482): CodeIgniter\CodeIgniter->runController()
11 SYSTEMPATH\CodeIgniter.php(351): CodeIgniter\CodeIgniter->handleRequest()
12 FCPATH\index.php(67): CodeIgniter\CodeIgniter->run()
13 SYSTEMPATH\Commands\Server\rewrite.php(46): require_once('FCPATH\\index.php')
CRITICAL - 2023-02-14 16:40:07 --> Undefined variable $permissions
in APPPATH\Views\Grupos\permissions.php on line 44.
 1 APPPATH\Views\Grupos\permissions.php(44): CodeIgniter\Debug\Exceptions->errorHandler()
 2 SYSTEMPATH\View\View.php(213): include('APPPATH\\Views\\Grupos\\permissions.php')
 3 SYSTEMPATH\View\View.php(216): CodeIgniter\View\View->CodeIgniter\View\{closure}()
 4 SYSTEMPATH\Common.php(1134): CodeIgniter\View\View->render()
 5 APPPATH\Controllers\Grupos.php(309): view()
 6 SYSTEMPATH\CodeIgniter.php(927): App\Controllers\Grupos->permissions()
 7 SYSTEMPATH\CodeIgniter.php(482): CodeIgniter\CodeIgniter->runController()
 8 SYSTEMPATH\CodeIgniter.php(351): CodeIgniter\CodeIgniter->handleRequest()
 9 FCPATH\index.php(67): CodeIgniter\CodeIgniter->run()
10 SYSTEMPATH\Commands\Server\rewrite.php(46): require_once('FCPATH\\index.php')
