CRITICAL - 2023-01-19 11:07:31 --> form_input(): Argument #2 ($value) must be of type string, null given, called in C:\dev\php\ci4dev-web\vendor\codeigniter4\framework\system\Helpers\form_helper.php on line 123
in SYSTEMPATH\Helpers\form_helper.php on line 143.
 1 SYSTEMPATH\Helpers\form_helper.php(123): form_input()
 2 SYSTEMPATH\Helpers\form_helper.php(67): form_hidden()
 3 APPPATH\Views\Users\create.php(33): form_open()
 4 SYSTEMPATH\View\View.php(213): include('APPPATH\\Views\\Users\\create.php')
 5 SYSTEMPATH\View\View.php(216): CodeIgniter\View\View->CodeIgniter\View\{closure}()
 6 SYSTEMPATH\Common.php(1134): CodeIgniter\View\View->render()
 7 APPPATH\Controllers\Users.php(94): view()
 8 SYSTEMPATH\CodeIgniter.php(927): App\Controllers\Users->create()
 9 SYSTEMPATH\CodeIgniter.php(482): CodeIgniter\CodeIgniter->runController()
10 SYSTEMPATH\CodeIgniter.php(351): CodeIgniter\CodeIgniter->handleRequest()
11 FCPATH\index.php(67): CodeIgniter\CodeIgniter->run()
12 SYSTEMPATH\Commands\Server\rewrite.php(46): require_once('FCPATH\\index.php')
CRITICAL - 2023-01-19 11:27:04 --> form_input(): Argument #2 ($value) must be of type string, null given, called in C:\dev\php\ci4dev-web\vendor\codeigniter4\framework\system\Helpers\form_helper.php on line 123
in SYSTEMPATH\Helpers\form_helper.php on line 143.
 1 SYSTEMPATH\Helpers\form_helper.php(123): form_input()
 2 SYSTEMPATH\Helpers\form_helper.php(67): form_hidden()
 3 APPPATH\Views\Users\create.php(33): form_open()
 4 SYSTEMPATH\View\View.php(213): include('APPPATH\\Views\\Users\\create.php')
 5 SYSTEMPATH\View\View.php(216): CodeIgniter\View\View->CodeIgniter\View\{closure}()
 6 SYSTEMPATH\Common.php(1134): CodeIgniter\View\View->render()
 7 APPPATH\Controllers\Users.php(96): view()
 8 SYSTEMPATH\CodeIgniter.php(927): App\Controllers\Users->create()
 9 SYSTEMPATH\CodeIgniter.php(482): CodeIgniter\CodeIgniter->runController()
10 SYSTEMPATH\CodeIgniter.php(351): CodeIgniter\CodeIgniter->handleRequest()
11 FCPATH\index.php(67): CodeIgniter\CodeIgniter->run()
12 SYSTEMPATH\Commands\Server\rewrite.php(46): require_once('FCPATH\\index.php')
CRITICAL - 2023-01-19 11:31:21 --> form_input(): Argument #2 ($value) must be of type string, null given, called in C:\dev\php\ci4dev-web\vendor\codeigniter4\framework\system\Helpers\form_helper.php on line 123
in SYSTEMPATH\Helpers\form_helper.php on line 143.
 1 SYSTEMPATH\Helpers\form_helper.php(123): form_input()
 2 SYSTEMPATH\Helpers\form_helper.php(67): form_hidden()
 3 APPPATH\Views\Users\create.php(33): form_open()
 4 SYSTEMPATH\View\View.php(213): include('APPPATH\\Views\\Users\\create.php')
 5 SYSTEMPATH\View\View.php(216): CodeIgniter\View\View->CodeIgniter\View\{closure}()
 6 SYSTEMPATH\Common.php(1134): CodeIgniter\View\View->render()
 7 APPPATH\Controllers\Users.php(96): view()
 8 SYSTEMPATH\CodeIgniter.php(927): App\Controllers\Users->create()
 9 SYSTEMPATH\CodeIgniter.php(482): CodeIgniter\CodeIgniter->runController()
10 SYSTEMPATH\CodeIgniter.php(351): CodeIgniter\CodeIgniter->handleRequest()
11 FCPATH\index.php(67): CodeIgniter\CodeIgniter->run()
12 SYSTEMPATH\Commands\Server\rewrite.php(46): require_once('FCPATH\\index.php')
CRITICAL - 2023-01-19 11:32:43 --> form_input(): Argument #2 ($value) must be of type string, null given, called in C:\dev\php\ci4dev-web\vendor\codeigniter4\framework\system\Helpers\form_helper.php on line 123
in SYSTEMPATH\Helpers\form_helper.php on line 143.
 1 SYSTEMPATH\Helpers\form_helper.php(123): form_input()
 2 SYSTEMPATH\Helpers\form_helper.php(67): form_hidden()
 3 APPPATH\Views\Users\create.php(33): form_open()
 4 SYSTEMPATH\View\View.php(213): include('APPPATH\\Views\\Users\\create.php')
 5 SYSTEMPATH\View\View.php(216): CodeIgniter\View\View->CodeIgniter\View\{closure}()
 6 SYSTEMPATH\Common.php(1134): CodeIgniter\View\View->render()
 7 APPPATH\Controllers\Users.php(96): view()
 8 SYSTEMPATH\CodeIgniter.php(927): App\Controllers\Users->create()
 9 SYSTEMPATH\CodeIgniter.php(482): CodeIgniter\CodeIgniter->runController()
10 SYSTEMPATH\CodeIgniter.php(351): CodeIgniter\CodeIgniter->handleRequest()
11 FCPATH\index.php(67): CodeIgniter\CodeIgniter->run()
12 SYSTEMPATH\Commands\Server\rewrite.php(46): require_once('FCPATH\\index.php')
CRITICAL - 2023-01-19 11:32:48 --> form_input(): Argument #2 ($value) must be of type string, null given, called in C:\dev\php\ci4dev-web\vendor\codeigniter4\framework\system\Helpers\form_helper.php on line 123
in SYSTEMPATH\Helpers\form_helper.php on line 143.
 1 SYSTEMPATH\Helpers\form_helper.php(123): form_input()
 2 SYSTEMPATH\Helpers\form_helper.php(67): form_hidden()
 3 APPPATH\Views\Users\create.php(33): form_open()
 4 SYSTEMPATH\View\View.php(213): include('APPPATH\\Views\\Users\\create.php')
 5 SYSTEMPATH\View\View.php(216): CodeIgniter\View\View->CodeIgniter\View\{closure}()
 6 SYSTEMPATH\Common.php(1134): CodeIgniter\View\View->render()
 7 APPPATH\Controllers\Users.php(96): view()
 8 SYSTEMPATH\CodeIgniter.php(927): App\Controllers\Users->create()
 9 SYSTEMPATH\CodeIgniter.php(482): CodeIgniter\CodeIgniter->runController()
10 SYSTEMPATH\CodeIgniter.php(351): CodeIgniter\CodeIgniter->handleRequest()
11 FCPATH\index.php(67): CodeIgniter\CodeIgniter->run()
12 SYSTEMPATH\Commands\Server\rewrite.php(46): require_once('FCPATH\\index.php')
CRITICAL - 2023-01-19 11:32:49 --> form_input(): Argument #2 ($value) must be of type string, null given, called in C:\dev\php\ci4dev-web\vendor\codeigniter4\framework\system\Helpers\form_helper.php on line 123
in SYSTEMPATH\Helpers\form_helper.php on line 143.
 1 SYSTEMPATH\Helpers\form_helper.php(123): form_input()
 2 SYSTEMPATH\Helpers\form_helper.php(67): form_hidden()
 3 APPPATH\Views\Users\create.php(33): form_open()
 4 SYSTEMPATH\View\View.php(213): include('APPPATH\\Views\\Users\\create.php')
 5 SYSTEMPATH\View\View.php(216): CodeIgniter\View\View->CodeIgniter\View\{closure}()
 6 SYSTEMPATH\Common.php(1134): CodeIgniter\View\View->render()
 7 APPPATH\Controllers\Users.php(96): view()
 8 SYSTEMPATH\CodeIgniter.php(927): App\Controllers\Users->create()
 9 SYSTEMPATH\CodeIgniter.php(482): CodeIgniter\CodeIgniter->runController()
10 SYSTEMPATH\CodeIgniter.php(351): CodeIgniter\CodeIgniter->handleRequest()
11 FCPATH\index.php(67): CodeIgniter\CodeIgniter->run()
12 SYSTEMPATH\Commands\Server\rewrite.php(46): require_once('FCPATH\\index.php')
CRITICAL - 2023-01-19 11:32:53 --> form_input(): Argument #2 ($value) must be of type string, null given, called in C:\dev\php\ci4dev-web\vendor\codeigniter4\framework\system\Helpers\form_helper.php on line 123
in SYSTEMPATH\Helpers\form_helper.php on line 143.
 1 SYSTEMPATH\Helpers\form_helper.php(123): form_input()
 2 SYSTEMPATH\Helpers\form_helper.php(67): form_hidden()
 3 APPPATH\Views\Users\create.php(33): form_open()
 4 SYSTEMPATH\View\View.php(213): include('APPPATH\\Views\\Users\\create.php')
 5 SYSTEMPATH\View\View.php(216): CodeIgniter\View\View->CodeIgniter\View\{closure}()
 6 SYSTEMPATH\Common.php(1134): CodeIgniter\View\View->render()
 7 APPPATH\Controllers\Users.php(96): view()
 8 SYSTEMPATH\CodeIgniter.php(927): App\Controllers\Users->create()
 9 SYSTEMPATH\CodeIgniter.php(482): CodeIgniter\CodeIgniter->runController()
10 SYSTEMPATH\CodeIgniter.php(351): CodeIgniter\CodeIgniter->handleRequest()
11 FCPATH\index.php(67): CodeIgniter\CodeIgniter->run()
12 SYSTEMPATH\Commands\Server\rewrite.php(46): require_once('FCPATH\\index.php')
CRITICAL - 2023-01-19 11:36:07 --> form_input(): Argument #2 ($value) must be of type string, null given, called in C:\dev\php\ci4dev-web\vendor\codeigniter4\framework\system\Helpers\form_helper.php on line 123
in SYSTEMPATH\Helpers\form_helper.php on line 143.
 1 SYSTEMPATH\Helpers\form_helper.php(123): form_input()
 2 SYSTEMPATH\Helpers\form_helper.php(67): form_hidden()
 3 APPPATH\Views\Users\create.php(33): form_open()
 4 SYSTEMPATH\View\View.php(213): include('APPPATH\\Views\\Users\\create.php')
 5 SYSTEMPATH\View\View.php(216): CodeIgniter\View\View->CodeIgniter\View\{closure}()
 6 SYSTEMPATH\Common.php(1134): CodeIgniter\View\View->render()
 7 APPPATH\Controllers\Users.php(96): view()
 8 SYSTEMPATH\CodeIgniter.php(927): App\Controllers\Users->create()
 9 SYSTEMPATH\CodeIgniter.php(482): CodeIgniter\CodeIgniter->runController()
10 SYSTEMPATH\CodeIgniter.php(351): CodeIgniter\CodeIgniter->handleRequest()
11 FCPATH\index.php(67): CodeIgniter\CodeIgniter->run()
12 SYSTEMPATH\Commands\Server\rewrite.php(46): require_once('FCPATH\\index.php')
CRITICAL - 2023-01-19 11:36:12 --> form_input(): Argument #2 ($value) must be of type string, null given, called in C:\dev\php\ci4dev-web\vendor\codeigniter4\framework\system\Helpers\form_helper.php on line 123
in SYSTEMPATH\Helpers\form_helper.php on line 143.
 1 SYSTEMPATH\Helpers\form_helper.php(123): form_input()
 2 SYSTEMPATH\Helpers\form_helper.php(67): form_hidden()
 3 APPPATH\Views\Users\create.php(33): form_open()
 4 SYSTEMPATH\View\View.php(213): include('APPPATH\\Views\\Users\\create.php')
 5 SYSTEMPATH\View\View.php(216): CodeIgniter\View\View->CodeIgniter\View\{closure}()
 6 SYSTEMPATH\Common.php(1134): CodeIgniter\View\View->render()
 7 APPPATH\Controllers\Users.php(96): view()
 8 SYSTEMPATH\CodeIgniter.php(927): App\Controllers\Users->create()
 9 SYSTEMPATH\CodeIgniter.php(482): CodeIgniter\CodeIgniter->runController()
10 SYSTEMPATH\CodeIgniter.php(351): CodeIgniter\CodeIgniter->handleRequest()
11 FCPATH\index.php(67): CodeIgniter\CodeIgniter->run()
12 SYSTEMPATH\Commands\Server\rewrite.php(46): require_once('FCPATH\\index.php')
CRITICAL - 2023-01-19 11:37:07 --> form_input(): Argument #2 ($value) must be of type string, null given, called in C:\dev\php\ci4dev-web\vendor\codeigniter4\framework\system\Helpers\form_helper.php on line 123
in SYSTEMPATH\Helpers\form_helper.php on line 143.
 1 SYSTEMPATH\Helpers\form_helper.php(123): form_input()
 2 SYSTEMPATH\Helpers\form_helper.php(67): form_hidden()
 3 APPPATH\Views\Users\create.php(33): form_open()
 4 SYSTEMPATH\View\View.php(213): include('APPPATH\\Views\\Users\\create.php')
 5 SYSTEMPATH\View\View.php(216): CodeIgniter\View\View->CodeIgniter\View\{closure}()
 6 SYSTEMPATH\Common.php(1134): CodeIgniter\View\View->render()
 7 APPPATH\Controllers\Users.php(96): view()
 8 SYSTEMPATH\CodeIgniter.php(927): App\Controllers\Users->create()
 9 SYSTEMPATH\CodeIgniter.php(482): CodeIgniter\CodeIgniter->runController()
10 SYSTEMPATH\CodeIgniter.php(351): CodeIgniter\CodeIgniter->handleRequest()
11 FCPATH\index.php(67): CodeIgniter\CodeIgniter->run()
12 SYSTEMPATH\Commands\Server\rewrite.php(46): require_once('FCPATH\\index.php')
CRITICAL - 2023-01-19 11:38:59 --> form_input(): Argument #2 ($value) must be of type string, null given, called in C:\dev\php\ci4dev-web\vendor\codeigniter4\framework\system\Helpers\form_helper.php on line 123
in SYSTEMPATH\Helpers\form_helper.php on line 143.
 1 SYSTEMPATH\Helpers\form_helper.php(123): form_input()
 2 SYSTEMPATH\Helpers\form_helper.php(67): form_hidden()
 3 APPPATH\Views\Users\create.php(33): form_open()
 4 SYSTEMPATH\View\View.php(213): include('APPPATH\\Views\\Users\\create.php')
 5 SYSTEMPATH\View\View.php(216): CodeIgniter\View\View->CodeIgniter\View\{closure}()
 6 SYSTEMPATH\Common.php(1134): CodeIgniter\View\View->render()
 7 APPPATH\Controllers\Users.php(96): view()
 8 SYSTEMPATH\CodeIgniter.php(927): App\Controllers\Users->create()
 9 SYSTEMPATH\CodeIgniter.php(482): CodeIgniter\CodeIgniter->runController()
10 SYSTEMPATH\CodeIgniter.php(351): CodeIgniter\CodeIgniter->handleRequest()
11 FCPATH\index.php(67): CodeIgniter\CodeIgniter->run()
12 SYSTEMPATH\Commands\Server\rewrite.php(46): require_once('FCPATH\\index.php')
CRITICAL - 2023-01-19 11:43:13 --> form_input(): Argument #2 ($value) must be of type string, null given, called in C:\dev\php\ci4dev-web\vendor\codeigniter4\framework\system\Helpers\form_helper.php on line 123
in SYSTEMPATH\Helpers\form_helper.php on line 143.
 1 SYSTEMPATH\Helpers\form_helper.php(123): form_input()
 2 SYSTEMPATH\Helpers\form_helper.php(67): form_hidden()
 3 APPPATH\Views\Users\create.php(33): form_open()
 4 SYSTEMPATH\View\View.php(213): include('APPPATH\\Views\\Users\\create.php')
 5 SYSTEMPATH\View\View.php(216): CodeIgniter\View\View->CodeIgniter\View\{closure}()
 6 SYSTEMPATH\Common.php(1134): CodeIgniter\View\View->render()
 7 APPPATH\Controllers\Users.php(96): view()
 8 SYSTEMPATH\CodeIgniter.php(927): App\Controllers\Users->create()
 9 SYSTEMPATH\CodeIgniter.php(482): CodeIgniter\CodeIgniter->runController()
10 SYSTEMPATH\CodeIgniter.php(351): CodeIgniter\CodeIgniter->handleRequest()
11 FCPATH\index.php(67): CodeIgniter\CodeIgniter->run()
12 SYSTEMPATH\Commands\Server\rewrite.php(46): require_once('FCPATH\\index.php')
CRITICAL - 2023-01-19 11:43:40 --> Undefined variable $user
in APPPATH\Views\Users\create.php on line 33.
 1 APPPATH\Views\Users\create.php(33): CodeIgniter\Debug\Exceptions->errorHandler()
 2 SYSTEMPATH\View\View.php(213): include('APPPATH\\Views\\Users\\create.php')
 3 SYSTEMPATH\View\View.php(216): CodeIgniter\View\View->CodeIgniter\View\{closure}()
 4 SYSTEMPATH\Common.php(1134): CodeIgniter\View\View->render()
 5 APPPATH\Controllers\Users.php(95): view()
 6 SYSTEMPATH\CodeIgniter.php(927): App\Controllers\Users->create()
 7 SYSTEMPATH\CodeIgniter.php(482): CodeIgniter\CodeIgniter->runController()
 8 SYSTEMPATH\CodeIgniter.php(351): CodeIgniter\CodeIgniter->handleRequest()
 9 FCPATH\index.php(67): CodeIgniter\CodeIgniter->run()
10 SYSTEMPATH\Commands\Server\rewrite.php(46): require_once('FCPATH\\index.php')
CRITICAL - 2023-01-19 11:44:01 --> Undefined variable $user
in APPPATH\Views\Users\create.php on line 33.
 1 APPPATH\Views\Users\create.php(33): CodeIgniter\Debug\Exceptions->errorHandler()
 2 SYSTEMPATH\View\View.php(213): include('APPPATH\\Views\\Users\\create.php')
 3 SYSTEMPATH\View\View.php(216): CodeIgniter\View\View->CodeIgniter\View\{closure}()
 4 SYSTEMPATH\Common.php(1134): CodeIgniter\View\View->render()
 5 APPPATH\Controllers\Users.php(95): view()
 6 SYSTEMPATH\CodeIgniter.php(927): App\Controllers\Users->create()
 7 SYSTEMPATH\CodeIgniter.php(482): CodeIgniter\CodeIgniter->runController()
 8 SYSTEMPATH\CodeIgniter.php(351): CodeIgniter\CodeIgniter->handleRequest()
 9 FCPATH\index.php(67): CodeIgniter\CodeIgniter->run()
10 SYSTEMPATH\Commands\Server\rewrite.php(46): require_once('FCPATH\\index.php')
CRITICAL - 2023-01-19 11:44:19 --> Undefined variable $user
in APPPATH\Views\Users\create.php on line 110.
 1 APPPATH\Views\Users\create.php(110): CodeIgniter\Debug\Exceptions->errorHandler()
 2 SYSTEMPATH\View\View.php(213): include('APPPATH\\Views\\Users\\create.php')
 3 SYSTEMPATH\View\View.php(216): CodeIgniter\View\View->CodeIgniter\View\{closure}()
 4 SYSTEMPATH\Common.php(1134): CodeIgniter\View\View->render()
 5 APPPATH\Controllers\Users.php(95): view()
 6 SYSTEMPATH\CodeIgniter.php(927): App\Controllers\Users->create()
 7 SYSTEMPATH\CodeIgniter.php(482): CodeIgniter\CodeIgniter->runController()
 8 SYSTEMPATH\CodeIgniter.php(351): CodeIgniter\CodeIgniter->handleRequest()
 9 FCPATH\index.php(67): CodeIgniter\CodeIgniter->run()
10 SYSTEMPATH\Commands\Server\rewrite.php(46): require_once('FCPATH\\index.php')
CRITICAL - 2023-01-19 11:44:54 --> Undefined variable $user
in APPPATH\Views\Users\create.php on line 109.
 1 APPPATH\Views\Users\create.php(109): CodeIgniter\Debug\Exceptions->errorHandler()
 2 SYSTEMPATH\View\View.php(213): include('APPPATH\\Views\\Users\\create.php')
 3 SYSTEMPATH\View\View.php(216): CodeIgniter\View\View->CodeIgniter\View\{closure}()
 4 SYSTEMPATH\Common.php(1134): CodeIgniter\View\View->render()
 5 APPPATH\Controllers\Users.php(95): view()
 6 SYSTEMPATH\CodeIgniter.php(927): App\Controllers\Users->create()
 7 SYSTEMPATH\CodeIgniter.php(482): CodeIgniter\CodeIgniter->runController()
 8 SYSTEMPATH\CodeIgniter.php(351): CodeIgniter\CodeIgniter->handleRequest()
 9 FCPATH\index.php(67): CodeIgniter\CodeIgniter->run()
10 SYSTEMPATH\Commands\Server\rewrite.php(46): require_once('FCPATH\\index.php')
CRITICAL - 2023-01-19 13:53:18 --> form_input(): Argument #2 ($value) must be of type string, null given, called in C:\dev\php\ci4dev-web\vendor\codeigniter4\framework\system\Helpers\form_helper.php on line 123
in SYSTEMPATH\Helpers\form_helper.php on line 143.
 1 SYSTEMPATH\Helpers\form_helper.php(123): form_input()
 2 SYSTEMPATH\Helpers\form_helper.php(67): form_hidden()
 3 APPPATH\Views\Users\create.php(33): form_open()
 4 SYSTEMPATH\View\View.php(213): include('APPPATH\\Views\\Users\\create.php')
 5 SYSTEMPATH\View\View.php(216): CodeIgniter\View\View->CodeIgniter\View\{closure}()
 6 SYSTEMPATH\Common.php(1134): CodeIgniter\View\View->render()
 7 APPPATH\Controllers\Users.php(95): view()
 8 SYSTEMPATH\CodeIgniter.php(927): App\Controllers\Users->create()
 9 SYSTEMPATH\CodeIgniter.php(482): CodeIgniter\CodeIgniter->runController()
10 SYSTEMPATH\CodeIgniter.php(351): CodeIgniter\CodeIgniter->handleRequest()
11 FCPATH\index.php(67): CodeIgniter\CodeIgniter->run()
12 SYSTEMPATH\Commands\Server\rewrite.php(46): require_once('FCPATH\\index.php')
CRITICAL - 2023-01-19 13:55:41 --> Undefined variable $title
in APPPATH\Views\Users\create.php on line 7.
 1 APPPATH\Views\Users\create.php(7): CodeIgniter\Debug\Exceptions->errorHandler()
 2 SYSTEMPATH\View\View.php(213): include('APPPATH\\Views\\Users\\create.php')
 3 SYSTEMPATH\View\View.php(216): CodeIgniter\View\View->CodeIgniter\View\{closure}()
 4 SYSTEMPATH\Common.php(1134): CodeIgniter\View\View->render()
 5 APPPATH\Controllers\Users.php(95): view()
 6 SYSTEMPATH\CodeIgniter.php(927): App\Controllers\Users->create()
 7 SYSTEMPATH\CodeIgniter.php(482): CodeIgniter\CodeIgniter->runController()
 8 SYSTEMPATH\CodeIgniter.php(351): CodeIgniter\CodeIgniter->handleRequest()
 9 FCPATH\index.php(67): CodeIgniter\CodeIgniter->run()
10 SYSTEMPATH\Commands\Server\rewrite.php(46): require_once('FCPATH\\index.php')
CRITICAL - 2023-01-19 13:56:02 --> Undefined variable $title
in APPPATH\Views\Users\create.php on line 7.
 1 APPPATH\Views\Users\create.php(7): CodeIgniter\Debug\Exceptions->errorHandler()
 2 SYSTEMPATH\View\View.php(213): include('APPPATH\\Views\\Users\\create.php')
 3 SYSTEMPATH\View\View.php(216): CodeIgniter\View\View->CodeIgniter\View\{closure}()
 4 SYSTEMPATH\Common.php(1134): CodeIgniter\View\View->render()
 5 APPPATH\Controllers\Users.php(95): view()
 6 SYSTEMPATH\CodeIgniter.php(927): App\Controllers\Users->create()
 7 SYSTEMPATH\CodeIgniter.php(482): CodeIgniter\CodeIgniter->runController()
 8 SYSTEMPATH\CodeIgniter.php(351): CodeIgniter\CodeIgniter->handleRequest()
 9 FCPATH\index.php(67): CodeIgniter\CodeIgniter->run()
10 SYSTEMPATH\Commands\Server\rewrite.php(46): require_once('FCPATH\\index.php')
CRITICAL - 2023-01-19 13:56:04 --> Undefined variable $title
in APPPATH\Views\Users\create.php on line 7.
 1 APPPATH\Views\Users\create.php(7): CodeIgniter\Debug\Exceptions->errorHandler()
 2 SYSTEMPATH\View\View.php(213): include('APPPATH\\Views\\Users\\create.php')
 3 SYSTEMPATH\View\View.php(216): CodeIgniter\View\View->CodeIgniter\View\{closure}()
 4 SYSTEMPATH\Common.php(1134): CodeIgniter\View\View->render()
 5 APPPATH\Controllers\Users.php(95): view()
 6 SYSTEMPATH\CodeIgniter.php(927): App\Controllers\Users->create()
 7 SYSTEMPATH\CodeIgniter.php(482): CodeIgniter\CodeIgniter->runController()
 8 SYSTEMPATH\CodeIgniter.php(351): CodeIgniter\CodeIgniter->handleRequest()
 9 FCPATH\index.php(67): CodeIgniter\CodeIgniter->run()
10 SYSTEMPATH\Commands\Server\rewrite.php(46): require_once('FCPATH\\index.php')
CRITICAL - 2023-01-19 13:56:26 --> Undefined variable $title
in APPPATH\Views\Users\create.php on line 7.
 1 APPPATH\Views\Users\create.php(7): CodeIgniter\Debug\Exceptions->errorHandler()
 2 SYSTEMPATH\View\View.php(213): include('APPPATH\\Views\\Users\\create.php')
 3 SYSTEMPATH\View\View.php(216): CodeIgniter\View\View->CodeIgniter\View\{closure}()
 4 SYSTEMPATH\Common.php(1134): CodeIgniter\View\View->render()
 5 APPPATH\Controllers\Users.php(95): view()
 6 SYSTEMPATH\CodeIgniter.php(927): App\Controllers\Users->create()
 7 SYSTEMPATH\CodeIgniter.php(482): CodeIgniter\CodeIgniter->runController()
 8 SYSTEMPATH\CodeIgniter.php(351): CodeIgniter\CodeIgniter->handleRequest()
 9 FCPATH\index.php(67): CodeIgniter\CodeIgniter->run()
10 SYSTEMPATH\Commands\Server\rewrite.php(46): require_once('FCPATH\\index.php')
CRITICAL - 2023-01-19 13:56:28 --> Undefined variable $title
in APPPATH\Views\Users\create.php on line 7.
 1 APPPATH\Views\Users\create.php(7): CodeIgniter\Debug\Exceptions->errorHandler()
 2 SYSTEMPATH\View\View.php(213): include('APPPATH\\Views\\Users\\create.php')
 3 SYSTEMPATH\View\View.php(216): CodeIgniter\View\View->CodeIgniter\View\{closure}()
 4 SYSTEMPATH\Common.php(1134): CodeIgniter\View\View->render()
 5 APPPATH\Controllers\Users.php(95): view()
 6 SYSTEMPATH\CodeIgniter.php(927): App\Controllers\Users->create()
 7 SYSTEMPATH\CodeIgniter.php(482): CodeIgniter\CodeIgniter->runController()
 8 SYSTEMPATH\CodeIgniter.php(351): CodeIgniter\CodeIgniter->handleRequest()
 9 FCPATH\index.php(67): CodeIgniter\CodeIgniter->run()
10 SYSTEMPATH\Commands\Server\rewrite.php(46): require_once('FCPATH\\index.php')
CRITICAL - 2023-01-19 13:56:38 --> form_input(): Argument #2 ($value) must be of type string, null given, called in C:\dev\php\ci4dev-web\vendor\codeigniter4\framework\system\Helpers\form_helper.php on line 123
in SYSTEMPATH\Helpers\form_helper.php on line 143.
 1 SYSTEMPATH\Helpers\form_helper.php(123): form_input()
 2 SYSTEMPATH\Helpers\form_helper.php(67): form_hidden()
 3 APPPATH\Views\Users\create.php(33): form_open()
 4 SYSTEMPATH\View\View.php(213): include('APPPATH\\Views\\Users\\create.php')
 5 SYSTEMPATH\View\View.php(216): CodeIgniter\View\View->CodeIgniter\View\{closure}()
 6 SYSTEMPATH\Common.php(1134): CodeIgniter\View\View->render()
 7 APPPATH\Controllers\Users.php(95): view()
 8 SYSTEMPATH\CodeIgniter.php(927): App\Controllers\Users->create()
 9 SYSTEMPATH\CodeIgniter.php(482): CodeIgniter\CodeIgniter->runController()
10 SYSTEMPATH\CodeIgniter.php(351): CodeIgniter\CodeIgniter->handleRequest()
11 FCPATH\index.php(67): CodeIgniter\CodeIgniter->run()
12 SYSTEMPATH\Commands\Server\rewrite.php(46): require_once('FCPATH\\index.php')
CRITICAL - 2023-01-19 14:28:49 --> form_input(): Argument #2 ($value) must be of type string, null given, called in C:\dev\php\ci4dev-web\vendor\codeigniter4\framework\system\Helpers\form_helper.php on line 123
in SYSTEMPATH\Helpers\form_helper.php on line 143.
 1 SYSTEMPATH\Helpers\form_helper.php(123): form_input()
 2 SYSTEMPATH\Helpers\form_helper.php(67): form_hidden()
 3 APPPATH\Views\Users\create.php(35): form_open()
 4 SYSTEMPATH\View\View.php(213): include('APPPATH\\Views\\Users\\create.php')
 5 SYSTEMPATH\View\View.php(216): CodeIgniter\View\View->CodeIgniter\View\{closure}()
 6 SYSTEMPATH\Common.php(1134): CodeIgniter\View\View->render()
 7 APPPATH\Controllers\Users.php(95): view()
 8 SYSTEMPATH\CodeIgniter.php(927): App\Controllers\Users->create()
 9 SYSTEMPATH\CodeIgniter.php(482): CodeIgniter\CodeIgniter->runController()
10 SYSTEMPATH\CodeIgniter.php(351): CodeIgniter\CodeIgniter->handleRequest()
11 FCPATH\index.php(67): CodeIgniter\CodeIgniter->run()
12 SYSTEMPATH\Commands\Server\rewrite.php(46): require_once('FCPATH\\index.php')
CRITICAL - 2023-01-19 14:41:06 --> form_input(): Argument #2 ($value) must be of type string, null given, called in C:\dev\php\ci4dev-web\vendor\codeigniter4\framework\system\Helpers\form_helper.php on line 123
in SYSTEMPATH\Helpers\form_helper.php on line 143.
 1 SYSTEMPATH\Helpers\form_helper.php(123): form_input()
 2 SYSTEMPATH\Helpers\form_helper.php(67): form_hidden()
 3 APPPATH\Views\Users\create.php(35): form_open()
 4 SYSTEMPATH\View\View.php(213): include('APPPATH\\Views\\Users\\create.php')
 5 SYSTEMPATH\View\View.php(216): CodeIgniter\View\View->CodeIgniter\View\{closure}()
 6 SYSTEMPATH\Common.php(1134): CodeIgniter\View\View->render()
 7 APPPATH\Controllers\Users.php(95): view()
 8 SYSTEMPATH\CodeIgniter.php(927): App\Controllers\Users->create()
 9 SYSTEMPATH\CodeIgniter.php(482): CodeIgniter\CodeIgniter->runController()
10 SYSTEMPATH\CodeIgniter.php(351): CodeIgniter\CodeIgniter->handleRequest()
11 FCPATH\index.php(67): CodeIgniter\CodeIgniter->run()
12 SYSTEMPATH\Commands\Server\rewrite.php(46): require_once('FCPATH\\index.php')
CRITICAL - 2023-01-19 14:41:10 --> form_input(): Argument #2 ($value) must be of type string, null given, called in C:\dev\php\ci4dev-web\vendor\codeigniter4\framework\system\Helpers\form_helper.php on line 123
in SYSTEMPATH\Helpers\form_helper.php on line 143.
 1 SYSTEMPATH\Helpers\form_helper.php(123): form_input()
 2 SYSTEMPATH\Helpers\form_helper.php(67): form_hidden()
 3 APPPATH\Views\Users\create.php(35): form_open()
 4 SYSTEMPATH\View\View.php(213): include('APPPATH\\Views\\Users\\create.php')
 5 SYSTEMPATH\View\View.php(216): CodeIgniter\View\View->CodeIgniter\View\{closure}()
 6 SYSTEMPATH\Common.php(1134): CodeIgniter\View\View->render()
 7 APPPATH\Controllers\Users.php(95): view()
 8 SYSTEMPATH\CodeIgniter.php(927): App\Controllers\Users->create()
 9 SYSTEMPATH\CodeIgniter.php(482): CodeIgniter\CodeIgniter->runController()
10 SYSTEMPATH\CodeIgniter.php(351): CodeIgniter\CodeIgniter->handleRequest()
11 FCPATH\index.php(67): CodeIgniter\CodeIgniter->run()
12 SYSTEMPATH\Commands\Server\rewrite.php(46): require_once('FCPATH\\index.php')
CRITICAL - 2023-01-19 15:02:10 --> form_input(): Argument #2 ($value) must be of type string, null given, called in C:\dev\php\ci4dev-web\vendor\codeigniter4\framework\system\Helpers\form_helper.php on line 123
in SYSTEMPATH\Helpers\form_helper.php on line 143.
 1 SYSTEMPATH\Helpers\form_helper.php(123): form_input()
 2 SYSTEMPATH\Helpers\form_helper.php(67): form_hidden()
 3 APPPATH\Views\Users\create.php(35): form_open()
 4 SYSTEMPATH\View\View.php(213): include('APPPATH\\Views\\Users\\create.php')
 5 SYSTEMPATH\View\View.php(216): CodeIgniter\View\View->CodeIgniter\View\{closure}()
 6 SYSTEMPATH\Common.php(1134): CodeIgniter\View\View->render()
 7 APPPATH\Controllers\Users.php(95): view()
 8 SYSTEMPATH\CodeIgniter.php(927): App\Controllers\Users->create()
 9 SYSTEMPATH\CodeIgniter.php(482): CodeIgniter\CodeIgniter->runController()
10 SYSTEMPATH\CodeIgniter.php(351): CodeIgniter\CodeIgniter->handleRequest()
11 FCPATH\index.php(67): CodeIgniter\CodeIgniter->run()
12 SYSTEMPATH\Commands\Server\rewrite.php(46): require_once('FCPATH\\index.php')
