CRITICAL - 2023-01-09 16:00:30 --> mysqli_result::fetch_object(): Argument #1 ($class) must be a valid class name, App/Entities/User given
in SYSTEMPATH\Database\MySQLi\Result.php on line 148.
 1 SYSTEMPATH\Database\MySQLi\Result.php(148): mysqli_result->fetch_object()
 2 SYSTEMPATH\Database\BaseResult.php(149): CodeIgniter\Database\MySQLi\Result->fetchObject()
 3 SYSTEMPATH\Database\BaseResult.php(106): CodeIgniter\Database\BaseResult->getCustomResultObject()
 4 SYSTEMPATH\Model.php(224): CodeIgniter\Database\BaseResult->getResult()
 5 SYSTEMPATH\BaseModel.php(585): CodeIgniter\Model->doFindAll()
 6 APPPATH\Controllers\Users.php(38): CodeIgniter\BaseModel->findAll()
 7 SYSTEMPATH\CodeIgniter.php(927): App\Controllers\Users->getUsers()
 8 SYSTEMPATH\CodeIgniter.php(482): CodeIgniter\CodeIgniter->runController()
 9 SYSTEMPATH\CodeIgniter.php(351): CodeIgniter\CodeIgniter->handleRequest()
10 FCPATH\index.php(67): CodeIgniter\CodeIgniter->run()
11 SYSTEMPATH\Commands\Server\rewrite.php(46): require_once('FCPATH\\index.php')
CRITICAL - 2023-01-09 16:00:55 --> mysqli_result::fetch_object(): Argument #1 ($class) must be a valid class name, App/Entities/User given
in SYSTEMPATH\Database\MySQLi\Result.php on line 148.
 1 SYSTEMPATH\Database\MySQLi\Result.php(148): mysqli_result->fetch_object()
 2 SYSTEMPATH\Database\BaseResult.php(149): CodeIgniter\Database\MySQLi\Result->fetchObject()
 3 SYSTEMPATH\Database\BaseResult.php(106): CodeIgniter\Database\BaseResult->getCustomResultObject()
 4 SYSTEMPATH\Database\BaseResult.php(377): CodeIgniter\Database\BaseResult->getResult()
 5 SYSTEMPATH\Model.php(183): CodeIgniter\Database\BaseResult->getFirstRow()
 6 SYSTEMPATH\BaseModel.php(524): CodeIgniter\Model->doFind()
 7 APPPATH\Controllers\Users.php(88): CodeIgniter\BaseModel->find()
 8 APPPATH\Controllers\Users.php(73): App\Controllers\Users->getUserOr404()
 9 SYSTEMPATH\CodeIgniter.php(927): App\Controllers\Users->view()
10 SYSTEMPATH\CodeIgniter.php(482): CodeIgniter\CodeIgniter->runController()
11 SYSTEMPATH\CodeIgniter.php(351): CodeIgniter\CodeIgniter->handleRequest()
12 FCPATH\index.php(67): CodeIgniter\CodeIgniter->run()
13 SYSTEMPATH\Commands\Server\rewrite.php(46): require_once('FCPATH\\index.php')
CRITICAL - 2023-01-09 16:02:26 --> mysqli_result::fetch_object(): Argument #1 ($class) must be a valid class name, App/Entities/User given
in SYSTEMPATH\Database\MySQLi\Result.php on line 148.
 1 SYSTEMPATH\Database\MySQLi\Result.php(148): mysqli_result->fetch_object()
 2 SYSTEMPATH\Database\BaseResult.php(149): CodeIgniter\Database\MySQLi\Result->fetchObject()
 3 SYSTEMPATH\Database\BaseResult.php(106): CodeIgniter\Database\BaseResult->getCustomResultObject()
 4 SYSTEMPATH\Database\BaseResult.php(377): CodeIgniter\Database\BaseResult->getResult()
 5 SYSTEMPATH\Model.php(183): CodeIgniter\Database\BaseResult->getFirstRow()
 6 SYSTEMPATH\BaseModel.php(524): CodeIgniter\Model->doFind()
 7 APPPATH\Controllers\Users.php(88): CodeIgniter\BaseModel->find()
 8 APPPATH\Controllers\Users.php(73): App\Controllers\Users->getUserOr404()
 9 SYSTEMPATH\CodeIgniter.php(927): App\Controllers\Users->view()
10 SYSTEMPATH\CodeIgniter.php(482): CodeIgniter\CodeIgniter->runController()
11 SYSTEMPATH\CodeIgniter.php(351): CodeIgniter\CodeIgniter->handleRequest()
12 FCPATH\index.php(67): CodeIgniter\CodeIgniter->run()
13 SYSTEMPATH\Commands\Server\rewrite.php(46): require_once('FCPATH\\index.php')
CRITICAL - 2023-01-09 16:02:29 --> mysqli_result::fetch_object(): Argument #1 ($class) must be a valid class name, App/Entities/User given
in SYSTEMPATH\Database\MySQLi\Result.php on line 148.
 1 SYSTEMPATH\Database\MySQLi\Result.php(148): mysqli_result->fetch_object()
 2 SYSTEMPATH\Database\BaseResult.php(149): CodeIgniter\Database\MySQLi\Result->fetchObject()
 3 SYSTEMPATH\Database\BaseResult.php(106): CodeIgniter\Database\BaseResult->getCustomResultObject()
 4 SYSTEMPATH\Database\BaseResult.php(377): CodeIgniter\Database\BaseResult->getResult()
 5 SYSTEMPATH\Model.php(183): CodeIgniter\Database\BaseResult->getFirstRow()
 6 SYSTEMPATH\BaseModel.php(524): CodeIgniter\Model->doFind()
 7 APPPATH\Controllers\Users.php(88): CodeIgniter\BaseModel->find()
 8 APPPATH\Controllers\Users.php(73): App\Controllers\Users->getUserOr404()
 9 SYSTEMPATH\CodeIgniter.php(927): App\Controllers\Users->view()
10 SYSTEMPATH\CodeIgniter.php(482): CodeIgniter\CodeIgniter->runController()
11 SYSTEMPATH\CodeIgniter.php(351): CodeIgniter\CodeIgniter->handleRequest()
12 FCPATH\index.php(67): CodeIgniter\CodeIgniter->run()
13 SYSTEMPATH\Commands\Server\rewrite.php(46): require_once('FCPATH\\index.php')
CRITICAL - 2023-01-09 16:02:31 --> mysqli_result::fetch_object(): Argument #1 ($class) must be a valid class name, App/Entities/User given
in SYSTEMPATH\Database\MySQLi\Result.php on line 148.
 1 SYSTEMPATH\Database\MySQLi\Result.php(148): mysqli_result->fetch_object()
 2 SYSTEMPATH\Database\BaseResult.php(149): CodeIgniter\Database\MySQLi\Result->fetchObject()
 3 SYSTEMPATH\Database\BaseResult.php(106): CodeIgniter\Database\BaseResult->getCustomResultObject()
 4 SYSTEMPATH\Model.php(224): CodeIgniter\Database\BaseResult->getResult()
 5 SYSTEMPATH\BaseModel.php(585): CodeIgniter\Model->doFindAll()
 6 APPPATH\Controllers\Users.php(38): CodeIgniter\BaseModel->findAll()
 7 SYSTEMPATH\CodeIgniter.php(927): App\Controllers\Users->getUsers()
 8 SYSTEMPATH\CodeIgniter.php(482): CodeIgniter\CodeIgniter->runController()
 9 SYSTEMPATH\CodeIgniter.php(351): CodeIgniter\CodeIgniter->handleRequest()
10 FCPATH\index.php(67): CodeIgniter\CodeIgniter->run()
11 SYSTEMPATH\Commands\Server\rewrite.php(46): require_once('FCPATH\\index.php')
CRITICAL - 2023-01-09 16:03:23 --> mysqli_result::fetch_object(): Argument #1 ($class) must be a valid class name, app/Entities/User given
in SYSTEMPATH\Database\MySQLi\Result.php on line 148.
 1 SYSTEMPATH\Database\MySQLi\Result.php(148): mysqli_result->fetch_object()
 2 SYSTEMPATH\Database\BaseResult.php(149): CodeIgniter\Database\MySQLi\Result->fetchObject()
 3 SYSTEMPATH\Database\BaseResult.php(106): CodeIgniter\Database\BaseResult->getCustomResultObject()
 4 SYSTEMPATH\Model.php(224): CodeIgniter\Database\BaseResult->getResult()
 5 SYSTEMPATH\BaseModel.php(585): CodeIgniter\Model->doFindAll()
 6 APPPATH\Controllers\Users.php(38): CodeIgniter\BaseModel->findAll()
 7 SYSTEMPATH\CodeIgniter.php(927): App\Controllers\Users->getUsers()
 8 SYSTEMPATH\CodeIgniter.php(482): CodeIgniter\CodeIgniter->runController()
 9 SYSTEMPATH\CodeIgniter.php(351): CodeIgniter\CodeIgniter->handleRequest()
10 FCPATH\index.php(67): CodeIgniter\CodeIgniter->run()
11 SYSTEMPATH\Commands\Server\rewrite.php(46): require_once('FCPATH\\index.php')
