CRITICAL - 2023-01-25 10:18:05 --> Call to undefined function App\Controllers\img()
in APPPATH\Controllers\Users.php on line 73.
 1 SYSTEMPATH\CodeIgniter.php(927): App\Controllers\Users->getUsers()
 2 SYSTEMPATH\CodeIgniter.php(482): CodeIgniter\CodeIgniter->runController()
 3 SYSTEMPATH\CodeIgniter.php(351): CodeIgniter\CodeIgniter->handleRequest()
 4 FCPATH\index.php(67): CodeIgniter\CodeIgniter->run()
 5 SYSTEMPATH\Commands\Server\rewrite.php(46): require_once('FCPATH\\index.php')
CRITICAL - 2023-01-25 10:19:03 --> Call to undefined function App\Controllers\img()
in APPPATH\Controllers\Users.php on line 73.
 1 SYSTEMPATH\CodeIgniter.php(927): App\Controllers\Users->getUsers()
 2 SYSTEMPATH\CodeIgniter.php(482): CodeIgniter\CodeIgniter->runController()
 3 SYSTEMPATH\CodeIgniter.php(351): CodeIgniter\CodeIgniter->handleRequest()
 4 FCPATH\index.php(67): CodeIgniter\CodeIgniter->run()
 5 SYSTEMPATH\Commands\Server\rewrite.php(46): require_once('FCPATH\\index.php')
CRITICAL - 2023-01-25 15:05:49 --> finfo::file(C:\dev\php\ci4dev-web\writable\uploads/users/1674584084_6681ae4513dbd78a588e.jpg): Failed to open stream: No such file or directory
in APPPATH\Controllers\BaseController.php on line 59.
 1 [internal function]: CodeIgniter\Debug\Exceptions->errorHandler()
 2 APPPATH\Controllers\BaseController.php(59): finfo->file()
 3 APPPATH\Controllers\Users.php(386): App\Controllers\BaseController->viewFile()
 4 SYSTEMPATH\CodeIgniter.php(927): App\Controllers\Users->image()
 5 SYSTEMPATH\CodeIgniter.php(482): CodeIgniter\CodeIgniter->runController()
 6 SYSTEMPATH\CodeIgniter.php(351): CodeIgniter\CodeIgniter->handleRequest()
 7 FCPATH\index.php(67): CodeIgniter\CodeIgniter->run()
 8 SYSTEMPATH\Commands\Server\rewrite.php(46): require_once('FCPATH\\index.php')
CRITICAL - 2023-01-25 15:10:28 --> finfo::file(C:\dev\php\ci4dev-web\writable\uploads/users/1674584084_6681ae4513dbd78a588e.jpg): Failed to open stream: No such file or directory
in APPPATH\Controllers\BaseController.php on line 59.
 1 [internal function]: CodeIgniter\Debug\Exceptions->errorHandler()
 2 APPPATH\Controllers\BaseController.php(59): finfo->file()
 3 APPPATH\Controllers\Users.php(386): App\Controllers\BaseController->viewFile()
 4 SYSTEMPATH\CodeIgniter.php(927): App\Controllers\Users->image()
 5 SYSTEMPATH\CodeIgniter.php(482): CodeIgniter\CodeIgniter->runController()
 6 SYSTEMPATH\CodeIgniter.php(351): CodeIgniter\CodeIgniter->handleRequest()
 7 FCPATH\index.php(67): CodeIgniter\CodeIgniter->run()
 8 SYSTEMPATH\Commands\Server\rewrite.php(46): require_once('FCPATH\\index.php')
CRITICAL - 2023-01-25 15:10:37 --> finfo::file(C:\dev\php\ci4dev-web\writable\uploads/users/1674584084_6681ae4513dbd78a588e.jpg): Failed to open stream: No such file or directory
in APPPATH\Controllers\BaseController.php on line 59.
 1 [internal function]: CodeIgniter\Debug\Exceptions->errorHandler()
 2 APPPATH\Controllers\BaseController.php(59): finfo->file()
 3 APPPATH\Controllers\Users.php(386): App\Controllers\BaseController->viewFile()
 4 SYSTEMPATH\CodeIgniter.php(927): App\Controllers\Users->image()
 5 SYSTEMPATH\CodeIgniter.php(482): CodeIgniter\CodeIgniter->runController()
 6 SYSTEMPATH\CodeIgniter.php(351): CodeIgniter\CodeIgniter->handleRequest()
 7 FCPATH\index.php(67): CodeIgniter\CodeIgniter->run()
 8 SYSTEMPATH\Commands\Server\rewrite.php(46): require_once('FCPATH\\index.php')
