CRITICAL - 2023-02-08 10:44:55 --> form_input(): Argument #2 ($value) must be of type string, null given, called in C:\dev\php\ci4dev-web\vendor\codeigniter4\framework\system\Helpers\form_helper.php on line 123
in SYSTEMPATH\Helpers\form_helper.php on line 143.
 1 SYSTEMPATH\Helpers\form_helper.php(123): form_input()
 2 SYSTEMPATH\Helpers\form_helper.php(67): form_hidden()
 3 APPPATH\Views\Grupos\create.php(33): form_open()
 4 SYSTEMPATH\View\View.php(213): include('APPPATH\\Views\\Grupos\\create.php')
 5 SYSTEMPATH\View\View.php(216): CodeIgniter\View\View->CodeIgniter\View\{closure}()
 6 SYSTEMPATH\Common.php(1134): CodeIgniter\View\View->render()
 7 APPPATH\Controllers\Grupos.php(112): view()
 8 SYSTEMPATH\CodeIgniter.php(927): App\Controllers\Grupos->create()
 9 SYSTEMPATH\CodeIgniter.php(482): CodeIgniter\CodeIgniter->runController()
10 SYSTEMPATH\CodeIgniter.php(351): CodeIgniter\CodeIgniter->handleRequest()
11 FCPATH\index.php(67): CodeIgniter\CodeIgniter->run()
12 SYSTEMPATH\Commands\Server\rewrite.php(46): require_once('FCPATH\\index.php')
CRITICAL - 2023-02-08 10:45:51 --> form_input(): Argument #2 ($value) must be of type string, null given, called in C:\dev\php\ci4dev-web\vendor\codeigniter4\framework\system\Helpers\form_helper.php on line 123
in SYSTEMPATH\Helpers\form_helper.php on line 143.
 1 SYSTEMPATH\Helpers\form_helper.php(123): form_input()
 2 SYSTEMPATH\Helpers\form_helper.php(67): form_hidden()
 3 APPPATH\Views\Grupos\create.php(33): form_open()
 4 SYSTEMPATH\View\View.php(213): include('APPPATH\\Views\\Grupos\\create.php')
 5 SYSTEMPATH\View\View.php(216): CodeIgniter\View\View->CodeIgniter\View\{closure}()
 6 SYSTEMPATH\Common.php(1134): CodeIgniter\View\View->render()
 7 APPPATH\Controllers\Grupos.php(112): view()
 8 SYSTEMPATH\CodeIgniter.php(927): App\Controllers\Grupos->create()
 9 SYSTEMPATH\CodeIgniter.php(482): CodeIgniter\CodeIgniter->runController()
10 SYSTEMPATH\CodeIgniter.php(351): CodeIgniter\CodeIgniter->handleRequest()
11 FCPATH\index.php(67): CodeIgniter\CodeIgniter->run()
12 SYSTEMPATH\Commands\Server\rewrite.php(46): require_once('FCPATH\\index.php')
ERROR - 2023-02-08 11:00:59 --> mysqli_sql_exception: Duplicate entry 'Administrador' for key 'grupos.name' in C:\dev\php\ci4dev-web\vendor\codeigniter4\framework\system\Database\MySQLi\Connection.php:292
Stack trace:
#0 C:\dev\php\ci4dev-web\vendor\codeigniter4\framework\system\Database\MySQLi\Connection.php(292): mysqli->query()
#1 C:\dev\php\ci4dev-web\vendor\codeigniter4\framework\system\Database\BaseConnection.php(666): CodeIgniter\Database\MySQLi\Connection->execute()
#2 C:\dev\php\ci4dev-web\vendor\codeigniter4\framework\system\Database\BaseConnection.php(593): CodeIgniter\Database\BaseConnection->simpleQuery()
#3 C:\dev\php\ci4dev-web\vendor\codeigniter4\framework\system\Database\BaseBuilder.php(1916): CodeIgniter\Database\BaseConnection->query()
#4 C:\dev\php\ci4dev-web\vendor\codeigniter4\framework\system\Model.php(279): CodeIgniter\Database\BaseBuilder->insert()
#5 C:\dev\php\ci4dev-web\vendor\codeigniter4\framework\system\BaseModel.php(749): CodeIgniter\Model->doInsert()
#6 C:\dev\php\ci4dev-web\vendor\codeigniter4\framework\system\Model.php(667): CodeIgniter\BaseModel->insert()
#7 C:\dev\php\ci4dev-web\vendor\codeigniter4\framework\system\BaseModel.php(659): CodeIgniter\Model->insert()
#8 C:\dev\php\ci4dev-web\app\Controllers\Grupos.php(127): CodeIgniter\BaseModel->save()
#9 C:\dev\php\ci4dev-web\vendor\codeigniter4\framework\system\CodeIgniter.php(927): App\Controllers\Grupos->store()
#10 C:\dev\php\ci4dev-web\vendor\codeigniter4\framework\system\CodeIgniter.php(482): CodeIgniter\CodeIgniter->runController()
#11 C:\dev\php\ci4dev-web\vendor\codeigniter4\framework\system\CodeIgniter.php(351): CodeIgniter\CodeIgniter->handleRequest()
#12 C:\dev\php\ci4dev-web\public\index.php(67): CodeIgniter\CodeIgniter->run()
#13 C:\dev\php\ci4dev-web\vendor\codeigniter4\framework\system\Commands\Server\rewrite.php(46): require_once('...')
#14 {main}
CRITICAL - 2023-02-08 11:00:59 --> Duplicate entry 'Administrador' for key 'grupos.name'
in SYSTEMPATH\Database\MySQLi\Connection.php on line 292.
 1 SYSTEMPATH\Database\MySQLi\Connection.php(292): mysqli->query()
 2 SYSTEMPATH\Database\BaseConnection.php(666): CodeIgniter\Database\MySQLi\Connection->execute()
 3 SYSTEMPATH\Database\BaseConnection.php(593): CodeIgniter\Database\BaseConnection->simpleQuery()
 4 SYSTEMPATH\Database\BaseBuilder.php(1916): CodeIgniter\Database\BaseConnection->query()
 5 SYSTEMPATH\Model.php(279): CodeIgniter\Database\BaseBuilder->insert()
 6 SYSTEMPATH\BaseModel.php(749): CodeIgniter\Model->doInsert()
 7 SYSTEMPATH\Model.php(667): CodeIgniter\BaseModel->insert()
 8 SYSTEMPATH\BaseModel.php(659): CodeIgniter\Model->insert()
 9 APPPATH\Controllers\Grupos.php(127): CodeIgniter\BaseModel->save()
10 SYSTEMPATH\CodeIgniter.php(927): App\Controllers\Grupos->store()
11 SYSTEMPATH\CodeIgniter.php(482): CodeIgniter\CodeIgniter->runController()
12 SYSTEMPATH\CodeIgniter.php(351): CodeIgniter\CodeIgniter->handleRequest()
13 FCPATH\index.php(67): CodeIgniter\CodeIgniter->run()
14 SYSTEMPATH\Commands\Server\rewrite.php(46): require_once('FCPATH\\index.php')
