CRITICAL - 2023-02-27 15:51:21 --> The namespace delimiter is a backslash (\), not a slash (/). Route handler: \App\Controllers\Users/grupos/$1
in SYSTEMPATH\Router\Router.php on line 466.
 1 SYSTEMPATH\Router\Router.php(466): CodeIgniter\Router\Exceptions\RouterException::forInvalidControllerName()
 2 SYSTEMPATH\Router\Router.php(181): CodeIgniter\Router\Router->checkRoutes()
 3 SYSTEMPATH\CodeIgniter.php(802): CodeIgniter\Router\Router->handle()
 4 SYSTEMPATH\CodeIgniter.php(430): CodeIgniter\CodeIgniter->tryToRouteIt()
 5 SYSTEMPATH\CodeIgniter.php(351): CodeIgniter\CodeIgniter->handleRequest()
 6 FCPATH\index.php(67): CodeIgniter\CodeIgniter->run()
 7 SYSTEMPATH\Commands\Server\rewrite.php(46): require_once('FCPATH\\index.php')
CRITICAL - 2023-02-27 15:54:28 --> Undefined variable $user
in APPPATH\Models\GruposUsersModel.php on line 27.
 1 APPPATH\Models\GruposUsersModel.php(27): CodeIgniter\Debug\Exceptions->errorHandler()
 2 APPPATH\Controllers\Users.php(472): App\Models\GruposUsersModel->getGruposOfUser()
 3 SYSTEMPATH\CodeIgniter.php(927): App\Controllers\Users->grupos()
 4 SYSTEMPATH\CodeIgniter.php(482): CodeIgniter\CodeIgniter->runController()
 5 SYSTEMPATH\CodeIgniter.php(351): CodeIgniter\CodeIgniter->handleRequest()
 6 FCPATH\index.php(67): CodeIgniter\CodeIgniter->run()
 7 SYSTEMPATH\Commands\Server\rewrite.php(46): require_once('FCPATH\\index.php')
ERROR - 2023-02-27 15:55:02 --> mysqli_sql_exception: Unknown column 'grupos_description' in 'field list' in C:\dev\php\ci4dev-web\vendor\codeigniter4\framework\system\Database\MySQLi\Connection.php:292
Stack trace:
#0 C:\dev\php\ci4dev-web\vendor\codeigniter4\framework\system\Database\MySQLi\Connection.php(292): mysqli->query()
#1 C:\dev\php\ci4dev-web\vendor\codeigniter4\framework\system\Database\BaseConnection.php(666): CodeIgniter\Database\MySQLi\Connection->execute()
#2 C:\dev\php\ci4dev-web\vendor\codeigniter4\framework\system\Database\BaseConnection.php(593): CodeIgniter\Database\BaseConnection->simpleQuery()
#3 C:\dev\php\ci4dev-web\vendor\codeigniter4\framework\system\Database\BaseBuilder.php(1669): CodeIgniter\Database\BaseConnection->query()
#4 C:\dev\php\ci4dev-web\vendor\codeigniter4\framework\system\Model.php(551): CodeIgniter\Database\BaseBuilder->countAllResults()
#5 C:\dev\php\ci4dev-web\vendor\codeigniter4\framework\system\BaseModel.php(1106): CodeIgniter\Model->countAllResults()
#6 C:\dev\php\ci4dev-web\app\Models\GruposUsersModel.php(29): CodeIgniter\BaseModel->paginate()
#7 C:\dev\php\ci4dev-web\app\Controllers\Users.php(472): App\Models\GruposUsersModel->getGruposOfUser()
#8 C:\dev\php\ci4dev-web\vendor\codeigniter4\framework\system\CodeIgniter.php(927): App\Controllers\Users->grupos()
#9 C:\dev\php\ci4dev-web\vendor\codeigniter4\framework\system\CodeIgniter.php(482): CodeIgniter\CodeIgniter->runController()
#10 C:\dev\php\ci4dev-web\vendor\codeigniter4\framework\system\CodeIgniter.php(351): CodeIgniter\CodeIgniter->handleRequest()
#11 C:\dev\php\ci4dev-web\public\index.php(67): CodeIgniter\CodeIgniter->run()
#12 C:\dev\php\ci4dev-web\vendor\codeigniter4\framework\system\Commands\Server\rewrite.php(46): require_once('...')
#13 {main}
CRITICAL - 2023-02-27 15:55:02 --> Unknown column 'grupos_description' in 'field list'
in SYSTEMPATH\Database\MySQLi\Connection.php on line 292.
 1 SYSTEMPATH\Database\MySQLi\Connection.php(292): mysqli->query()
 2 SYSTEMPATH\Database\BaseConnection.php(666): CodeIgniter\Database\MySQLi\Connection->execute()
 3 SYSTEMPATH\Database\BaseConnection.php(593): CodeIgniter\Database\BaseConnection->simpleQuery()
 4 SYSTEMPATH\Database\BaseBuilder.php(1669): CodeIgniter\Database\BaseConnection->query()
 5 SYSTEMPATH\Model.php(551): CodeIgniter\Database\BaseBuilder->countAllResults()
 6 SYSTEMPATH\BaseModel.php(1106): CodeIgniter\Model->countAllResults()
 7 APPPATH\Models\GruposUsersModel.php(29): CodeIgniter\BaseModel->paginate()
 8 APPPATH\Controllers\Users.php(472): App\Models\GruposUsersModel->getGruposOfUser()
 9 SYSTEMPATH\CodeIgniter.php(927): App\Controllers\Users->grupos()
10 SYSTEMPATH\CodeIgniter.php(482): CodeIgniter\CodeIgniter->runController()
11 SYSTEMPATH\CodeIgniter.php(351): CodeIgniter\CodeIgniter->handleRequest()
12 FCPATH\index.php(67): CodeIgniter\CodeIgniter->run()
13 SYSTEMPATH\Commands\Server\rewrite.php(46): require_once('FCPATH\\index.php')
ERROR - 2023-02-27 15:55:45 --> mysqli_sql_exception: Expression #1 of SELECT list is not in GROUP BY clause and contains nonaggregated column 'ordem.grupos_users.id' which is not functionally dependent on columns in GROUP BY clause; this is incompatible with sql_mode=only_full_group_by in C:\dev\php\ci4dev-web\vendor\codeigniter4\framework\system\Database\MySQLi\Connection.php:292
Stack trace:
#0 C:\dev\php\ci4dev-web\vendor\codeigniter4\framework\system\Database\MySQLi\Connection.php(292): mysqli->query()
#1 C:\dev\php\ci4dev-web\vendor\codeigniter4\framework\system\Database\BaseConnection.php(666): CodeIgniter\Database\MySQLi\Connection->execute()
#2 C:\dev\php\ci4dev-web\vendor\codeigniter4\framework\system\Database\BaseConnection.php(593): CodeIgniter\Database\BaseConnection->simpleQuery()
#3 C:\dev\php\ci4dev-web\vendor\codeigniter4\framework\system\Database\BaseBuilder.php(1669): CodeIgniter\Database\BaseConnection->query()
#4 C:\dev\php\ci4dev-web\vendor\codeigniter4\framework\system\Model.php(551): CodeIgniter\Database\BaseBuilder->countAllResults()
#5 C:\dev\php\ci4dev-web\vendor\codeigniter4\framework\system\BaseModel.php(1106): CodeIgniter\Model->countAllResults()
#6 C:\dev\php\ci4dev-web\app\Models\GruposUsersModel.php(29): CodeIgniter\BaseModel->paginate()
#7 C:\dev\php\ci4dev-web\app\Controllers\Users.php(472): App\Models\GruposUsersModel->getGruposOfUser()
#8 C:\dev\php\ci4dev-web\vendor\codeigniter4\framework\system\CodeIgniter.php(927): App\Controllers\Users->grupos()
#9 C:\dev\php\ci4dev-web\vendor\codeigniter4\framework\system\CodeIgniter.php(482): CodeIgniter\CodeIgniter->runController()
#10 C:\dev\php\ci4dev-web\vendor\codeigniter4\framework\system\CodeIgniter.php(351): CodeIgniter\CodeIgniter->handleRequest()
#11 C:\dev\php\ci4dev-web\public\index.php(67): CodeIgniter\CodeIgniter->run()
#12 C:\dev\php\ci4dev-web\vendor\codeigniter4\framework\system\Commands\Server\rewrite.php(46): require_once('...')
#13 {main}
CRITICAL - 2023-02-27 15:55:45 --> Expression #1 of SELECT list is not in GROUP BY clause and contains nonaggregated column 'ordem.grupos_users.id' which is not functionally dependent on columns in GROUP BY clause; this is incompatible with sql_mode=only_full_group_by
in SYSTEMPATH\Database\MySQLi\Connection.php on line 292.
 1 SYSTEMPATH\Database\MySQLi\Connection.php(292): mysqli->query()
 2 SYSTEMPATH\Database\BaseConnection.php(666): CodeIgniter\Database\MySQLi\Connection->execute()
 3 SYSTEMPATH\Database\BaseConnection.php(593): CodeIgniter\Database\BaseConnection->simpleQuery()
 4 SYSTEMPATH\Database\BaseBuilder.php(1669): CodeIgniter\Database\BaseConnection->query()
 5 SYSTEMPATH\Model.php(551): CodeIgniter\Database\BaseBuilder->countAllResults()
 6 SYSTEMPATH\BaseModel.php(1106): CodeIgniter\Model->countAllResults()
 7 APPPATH\Models\GruposUsersModel.php(29): CodeIgniter\BaseModel->paginate()
 8 APPPATH\Controllers\Users.php(472): App\Models\GruposUsersModel->getGruposOfUser()
 9 SYSTEMPATH\CodeIgniter.php(927): App\Controllers\Users->grupos()
10 SYSTEMPATH\CodeIgniter.php(482): CodeIgniter\CodeIgniter->runController()
11 SYSTEMPATH\CodeIgniter.php(351): CodeIgniter\CodeIgniter->handleRequest()
12 FCPATH\index.php(67): CodeIgniter\CodeIgniter->run()
13 SYSTEMPATH\Commands\Server\rewrite.php(46): require_once('FCPATH\\index.php')
ERROR - 2023-02-27 16:02:18 --> mysqli_sql_exception: Expression #1 of SELECT list is not in GROUP BY clause and contains nonaggregated column 'ordem.grupos_users.id' which is not functionally dependent on columns in GROUP BY clause; this is incompatible with sql_mode=only_full_group_by in C:\dev\php\ci4dev-web\vendor\codeigniter4\framework\system\Database\MySQLi\Connection.php:292
Stack trace:
#0 C:\dev\php\ci4dev-web\vendor\codeigniter4\framework\system\Database\MySQLi\Connection.php(292): mysqli->query()
#1 C:\dev\php\ci4dev-web\vendor\codeigniter4\framework\system\Database\BaseConnection.php(666): CodeIgniter\Database\MySQLi\Connection->execute()
#2 C:\dev\php\ci4dev-web\vendor\codeigniter4\framework\system\Database\BaseConnection.php(593): CodeIgniter\Database\BaseConnection->simpleQuery()
#3 C:\dev\php\ci4dev-web\vendor\codeigniter4\framework\system\Database\BaseBuilder.php(1669): CodeIgniter\Database\BaseConnection->query()
#4 C:\dev\php\ci4dev-web\vendor\codeigniter4\framework\system\Model.php(551): CodeIgniter\Database\BaseBuilder->countAllResults()
#5 C:\dev\php\ci4dev-web\vendor\codeigniter4\framework\system\BaseModel.php(1106): CodeIgniter\Model->countAllResults()
#6 C:\dev\php\ci4dev-web\app\Models\GruposUsersModel.php(29): CodeIgniter\BaseModel->paginate()
#7 C:\dev\php\ci4dev-web\app\Controllers\Users.php(472): App\Models\GruposUsersModel->getGruposOfUser()
#8 C:\dev\php\ci4dev-web\vendor\codeigniter4\framework\system\CodeIgniter.php(927): App\Controllers\Users->grupos()
#9 C:\dev\php\ci4dev-web\vendor\codeigniter4\framework\system\CodeIgniter.php(482): CodeIgniter\CodeIgniter->runController()
#10 C:\dev\php\ci4dev-web\vendor\codeigniter4\framework\system\CodeIgniter.php(351): CodeIgniter\CodeIgniter->handleRequest()
#11 C:\dev\php\ci4dev-web\public\index.php(67): CodeIgniter\CodeIgniter->run()
#12 C:\dev\php\ci4dev-web\vendor\codeigniter4\framework\system\Commands\Server\rewrite.php(46): require_once('...')
#13 {main}
CRITICAL - 2023-02-27 16:02:18 --> Expression #1 of SELECT list is not in GROUP BY clause and contains nonaggregated column 'ordem.grupos_users.id' which is not functionally dependent on columns in GROUP BY clause; this is incompatible with sql_mode=only_full_group_by
in SYSTEMPATH\Database\MySQLi\Connection.php on line 292.
 1 SYSTEMPATH\Database\MySQLi\Connection.php(292): mysqli->query()
 2 SYSTEMPATH\Database\BaseConnection.php(666): CodeIgniter\Database\MySQLi\Connection->execute()
 3 SYSTEMPATH\Database\BaseConnection.php(593): CodeIgniter\Database\BaseConnection->simpleQuery()
 4 SYSTEMPATH\Database\BaseBuilder.php(1669): CodeIgniter\Database\BaseConnection->query()
 5 SYSTEMPATH\Model.php(551): CodeIgniter\Database\BaseBuilder->countAllResults()
 6 SYSTEMPATH\BaseModel.php(1106): CodeIgniter\Model->countAllResults()
 7 APPPATH\Models\GruposUsersModel.php(29): CodeIgniter\BaseModel->paginate()
 8 APPPATH\Controllers\Users.php(472): App\Models\GruposUsersModel->getGruposOfUser()
 9 SYSTEMPATH\CodeIgniter.php(927): App\Controllers\Users->grupos()
10 SYSTEMPATH\CodeIgniter.php(482): CodeIgniter\CodeIgniter->runController()
11 SYSTEMPATH\CodeIgniter.php(351): CodeIgniter\CodeIgniter->handleRequest()
12 FCPATH\index.php(67): CodeIgniter\CodeIgniter->run()
13 SYSTEMPATH\Commands\Server\rewrite.php(46): require_once('FCPATH\\index.php')
