ERROR - 2023-02-11 11:42:45 --> mysqli_sql_exception: You have an error in your SQL syntax; check the manual that corresponds to your MySQL server version for the right syntax to use near '0, 1, 2, 3) VALUES (:0:, :1:, :2:, :3:)' at line 1 in C:\dev\php\ci4dev-web\vendor\codeigniter4\framework\system\Database\MySQLi\Connection.php:292
Stack trace:
#0 C:\dev\php\ci4dev-web\vendor\codeigniter4\framework\system\Database\MySQLi\Connection.php(292): mysqli->query()
#1 C:\dev\php\ci4dev-web\vendor\codeigniter4\framework\system\Database\BaseConnection.php(666): CodeIgniter\Database\MySQLi\Connection->execute()
#2 C:\dev\php\ci4dev-web\vendor\codeigniter4\framework\system\Database\BaseConnection.php(593): CodeIgniter\Database\BaseConnection->simpleQuery()
#3 C:\dev\php\ci4dev-web\vendor\codeigniter4\framework\system\Database\BaseBuilder.php(1916): CodeIgniter\Database\BaseConnection->query()
#4 C:\dev\php\ci4dev-web\vendor\codeigniter4\framework\system\Model.php(279): CodeIgniter\Database\BaseBuilder->insert()
#5 C:\dev\php\ci4dev-web\vendor\codeigniter4\framework\system\BaseModel.php(749): CodeIgniter\Model->doInsert()
#6 C:\dev\php\ci4dev-web\vendor\codeigniter4\framework\system\Model.php(667): CodeIgniter\BaseModel->insert()
#7 C:\dev\php\ci4dev-web\app\Database\Seeds\PermissionsSeeder.php(30): CodeIgniter\Model->insert()
#8 C:\dev\php\ci4dev-web\vendor\codeigniter4\framework\system\Database\Seeder.php(146): App\Database\Seeds\PermissionsSeeder->run()
#9 C:\dev\php\ci4dev-web\vendor\codeigniter4\framework\system\Commands\Database\Seed.php(77): CodeIgniter\Database\Seeder->call()
#10 C:\dev\php\ci4dev-web\vendor\codeigniter4\framework\system\CLI\Commands.php(63): CodeIgniter\Commands\Database\Seed->run()
#11 C:\dev\php\ci4dev-web\vendor\codeigniter4\framework\system\CLI\CommandRunner.php(65): CodeIgniter\CLI\Commands->run()
#12 C:\dev\php\ci4dev-web\vendor\codeigniter4\framework\system\CLI\CommandRunner.php(51): CodeIgniter\CLI\CommandRunner->index()
#13 C:\dev\php\ci4dev-web\vendor\codeigniter4\framework\system\CodeIgniter.php(920): CodeIgniter\CLI\CommandRunner->_remap()
#14 C:\dev\php\ci4dev-web\vendor\codeigniter4\framework\system\CodeIgniter.php(482): CodeIgniter\CodeIgniter->runController()
#15 C:\dev\php\ci4dev-web\vendor\codeigniter4\framework\system\CodeIgniter.php(347): CodeIgniter\CodeIgniter->handleRequest()
#16 C:\dev\php\ci4dev-web\vendor\codeigniter4\framework\system\CLI\Console.php(48): CodeIgniter\CodeIgniter->run()
#17 C:\dev\php\ci4dev-web\spark(98): CodeIgniter\CLI\Console->run()
#18 {main}
ERROR - 2023-02-11 11:44:31 --> mysqli_sql_exception: You have an error in your SQL syntax; check the manual that corresponds to your MySQL server version for the right syntax to use near '0, 1, 2, 3) VALUES (:0:, :1:, :2:, :3:)' at line 1 in C:\dev\php\ci4dev-web\vendor\codeigniter4\framework\system\Database\MySQLi\Connection.php:292
Stack trace:
#0 C:\dev\php\ci4dev-web\vendor\codeigniter4\framework\system\Database\MySQLi\Connection.php(292): mysqli->query()
#1 C:\dev\php\ci4dev-web\vendor\codeigniter4\framework\system\Database\BaseConnection.php(666): CodeIgniter\Database\MySQLi\Connection->execute()
#2 C:\dev\php\ci4dev-web\vendor\codeigniter4\framework\system\Database\BaseConnection.php(593): CodeIgniter\Database\BaseConnection->simpleQuery()
#3 C:\dev\php\ci4dev-web\vendor\codeigniter4\framework\system\Database\BaseBuilder.php(1916): CodeIgniter\Database\BaseConnection->query()
#4 C:\dev\php\ci4dev-web\vendor\codeigniter4\framework\system\Model.php(279): CodeIgniter\Database\BaseBuilder->insert()
#5 C:\dev\php\ci4dev-web\vendor\codeigniter4\framework\system\BaseModel.php(749): CodeIgniter\Model->doInsert()
#6 C:\dev\php\ci4dev-web\vendor\codeigniter4\framework\system\Model.php(667): CodeIgniter\BaseModel->insert()
#7 C:\dev\php\ci4dev-web\app\Database\Seeds\PermissionsSeeder.php(30): CodeIgniter\Model->insert()
#8 C:\dev\php\ci4dev-web\vendor\codeigniter4\framework\system\Database\Seeder.php(146): App\Database\Seeds\PermissionsSeeder->run()
#9 C:\dev\php\ci4dev-web\vendor\codeigniter4\framework\system\Commands\Database\Seed.php(77): CodeIgniter\Database\Seeder->call()
#10 C:\dev\php\ci4dev-web\vendor\codeigniter4\framework\system\CLI\Commands.php(63): CodeIgniter\Commands\Database\Seed->run()
#11 C:\dev\php\ci4dev-web\vendor\codeigniter4\framework\system\CLI\CommandRunner.php(65): CodeIgniter\CLI\Commands->run()
#12 C:\dev\php\ci4dev-web\vendor\codeigniter4\framework\system\CLI\CommandRunner.php(51): CodeIgniter\CLI\CommandRunner->index()
#13 C:\dev\php\ci4dev-web\vendor\codeigniter4\framework\system\CodeIgniter.php(920): CodeIgniter\CLI\CommandRunner->_remap()
#14 C:\dev\php\ci4dev-web\vendor\codeigniter4\framework\system\CodeIgniter.php(482): CodeIgniter\CodeIgniter->runController()
#15 C:\dev\php\ci4dev-web\vendor\codeigniter4\framework\system\CodeIgniter.php(347): CodeIgniter\CodeIgniter->handleRequest()
#16 C:\dev\php\ci4dev-web\vendor\codeigniter4\framework\system\CLI\Console.php(48): CodeIgniter\CodeIgniter->run()
#17 C:\dev\php\ci4dev-web\spark(98): CodeIgniter\CLI\Console->run()
#18 {main}
